Using pre-set license
Built from '2020.3/release' branch; Version is '2020.3.12f1 (b3b2c6512326) revision 11776710'; Using compiler version '192528614'; Build Type 'Release'
OS: 'Windows 10 Pro; OS build 19044.1526; Version 2009; 64bit' Language: 'es' Physical Memory: 32727 MB
BatchMode: 1, IsHumanControllingUs: 0, StartBugReporterOnCrash: 0, Is64bit: 1, IsPro: 0

 COMMAND LINE ARGUMENTS:
D:\Programas Edicion\Unity\2020.3.12f1\Editor\Unity.exe
-adb2
-batchMode
-noUpm
-name
AssetImportWorker0
-projectPath
D:/CFGS Animacion/github/Prueba/Ruby/Ruby2D
-logFile
Logs/AssetImportWorker0.log
-srvPort
58483
Successfully changed project path to: D:/CFGS Animacion/github/Prueba/Ruby/Ruby2D
D:/CFGS Animacion/github/Prueba/Ruby/Ruby2D
Using Asset Import Pipeline V2.
Refreshing native plugins compatible for Editor in 42.88 ms, found 3 plugins.
Preloading 0 native plugins for Editor in 0.00 ms.
Initialize engine version: 2020.3.12f1 (b3b2c6512326)
[Subsystems] Discovering subsystems at path D:/Programas Edicion/Unity/2020.3.12f1/Editor/Data/Resources/UnitySubsystems
[Subsystems] Discovering subsystems at path D:/CFGS Animacion/github/Prueba/Ruby/Ruby2D/Assets
GfxDevice: creating device client; threaded=0
Direct3D:
    Version:  Direct3D 11.0 [level 11.1]
    Renderer: NVIDIA GeForce RTX 3070 (ID=0x2484)
    Vendor:   
    VRAM:     8043 MB
    Driver:   30.0.15.1123
Initialize mono
Mono path[0] = 'D:/Programas Edicion/Unity/2020.3.12f1/Editor/Data/Managed'
Mono path[1] = 'D:/Programas Edicion/Unity/2020.3.12f1/Editor/Data/MonoBleedingEdge/lib/mono/unityjit'
Mono config path = 'D:/Programas Edicion/Unity/2020.3.12f1/Editor/Data/MonoBleedingEdge/etc'
Using monoOptions --debugger-agent=transport=dt_socket,embedding=1,server=y,suspend=n,address=127.0.0.1:56868
Begin MonoManager ReloadAssembly
Registering precompiled unity dll's ...
Register platform support module: D:/Programas Edicion/Unity/2020.3.12f1/Editor/Data/PlaybackEngines/WindowsStandaloneSupport/UnityEditor.WindowsStandalone.Extensions.dll
Registered in 0.001286 seconds.
Native extension for WindowsStandalone target not found
Refreshing native plugins compatible for Editor in 43.96 ms, found 3 plugins.
Preloading 0 native plugins for Editor in 0.00 ms.
Mono: successfully reloaded assembly
- Completed reload, in  1.252 seconds
Platform modules already initialized, skipping
Registering precompiled user dll's ...
Registered in 0.004103 seconds.
Begin MonoManager ReloadAssembly
Native extension for WindowsStandalone target not found
Refreshing native plugins compatible for Editor in 52.46 ms, found 3 plugins.
Preloading 0 native plugins for Editor in 0.00 ms.
Mono: successfully reloaded assembly
- Completed reload, in  1.290 seconds
Platform modules already initialized, skipping
========================================================================
Worker process is ready to serve import requests
Launched and connected shader compiler UnityShaderCompiler.exe after 0.05 seconds
Refreshing native plugins compatible for Editor in 0.45 ms, found 3 plugins.
Preloading 0 native plugins for Editor in 0.00 ms.
Unloading 2083 Unused Serialized files (Serialized files now loaded: 0)
System memory in use before: 92.9 MB.
System memory in use after: 92.9 MB.

Unloading 28 unused Assets to reduce memory usage. Loaded Objects now: 2523.
Total: 2.001200 ms (FindLiveObjects: 0.179200 ms CreateObjectMapping: 0.085900 ms MarkObjects: 1.673300 ms  DeleteObjects: 0.061800 ms)

AssetImportParameters requested are different than current active one (requested -> active):
  custom:framework-win-MediaFoundation: 216162199b28c13a410421893ffa2e32 -> 
  custom:video-decoder-ogg-theora: a1e56fd34408186e4bbccfd4996cb3dc -> 
  custom:container-muxer-webm: aa71ff27fc2769a1b78a27578f13a17b -> 
  custom:container-demuxer-webm: 4f35f7cbe854078d1ac9338744f61a02 -> 
  custom:container-demuxer-ogg: 62fdf1f143b41e24485cea50d1cbac27 -> 
  custom:video-encoder-webm-vp8: eb34c28f22e8b96e1ab97ce403110664 -> 
  custom:video-decoder-webm-vp8: 9c59270c3fd7afecdb556c50c9e8de78 -> 
  custom:audio-decoder-ogg-vorbis: bf7c407c2cedff20999df2af8eb42d56 -> 
  custom:audio-encoder-webm-vorbis: bf7c407c2cedff20999df2af8eb42d56 -> 
========================================================================
Received Import Request.
  path: Assets/Scripts
  artifactKey: Guid(edfcabded20d3b348b8fb516ba449113) Importer(815301076,1909f56bfc062723c751e8b465ee728b)
Start importing Assets/Scripts using Guid(edfcabded20d3b348b8fb516ba449113) Importer(815301076,1909f56bfc062723c751e8b465ee728b)  -> (artifact id: 'c99d6914bcea4d0f01c16cc0eb9cb261') in 0.021393 seconds 
  Import took 0.024856 seconds .

========================================================================
Received Import Request.
  Time since last request: 0.000196 seconds.
  path: Assets/Scripts/RubyController.cs
  artifactKey: Guid(db0a20fe1f0fdce4fa7cb4c3bc69da85) Importer(815301076,1909f56bfc062723c751e8b465ee728b)
Start importing Assets/Scripts/RubyController.cs using Guid(db0a20fe1f0fdce4fa7cb4c3bc69da85) Importer(815301076,1909f56bfc062723c751e8b465ee728b)  -> (artifact id: '75bcc6dae77f421182c10ab0cae15441') in 0.037057 seconds 
  Import took 0.040528 seconds .

========================================================================
Received Prepare
Registering precompiled user dll's ...
Registered in 0.005831 seconds.
Begin MonoManager ReloadAssembly
Native extension for WindowsStandalone target not found
Refreshing native plugins compatible for Editor in 0.44 ms, found 3 plugins.
Preloading 0 native plugins for Editor in 0.00 ms.
Mono: successfully reloaded assembly
- Completed reload, in  1.201 seconds
Platform modules already initialized, skipping
Refreshing native plugins compatible for Editor in 0.41 ms, found 3 plugins.
Preloading 0 native plugins for Editor in 0.00 ms.
Unloading 2073 Unused Serialized files (Serialized files now loaded: 0)
System memory in use before: 92.3 MB.
System memory in use after: 92.4 MB.

Unloading 16 unused Assets to reduce memory usage. Loaded Objects now: 2527.
Total: 1.910800 ms (FindLiveObjects: 0.175700 ms CreateObjectMapping: 0.135800 ms MarkObjects: 1.583900 ms  DeleteObjects: 0.014400 ms)

AssetImportParameters requested are different than current active one (requested -> active):
  custom:framework-win-MediaFoundation: 216162199b28c13a410421893ffa2e32 -> 
  custom:video-decoder-ogg-theora: a1e56fd34408186e4bbccfd4996cb3dc -> 
  custom:container-muxer-webm: aa71ff27fc2769a1b78a27578f13a17b -> 
  custom:container-demuxer-webm: 4f35f7cbe854078d1ac9338744f61a02 -> 
  custom:container-demuxer-ogg: 62fdf1f143b41e24485cea50d1cbac27 -> 
  custom:video-encoder-webm-vp8: eb34c28f22e8b96e1ab97ce403110664 -> 
  custom:video-decoder-webm-vp8: 9c59270c3fd7afecdb556c50c9e8de78 -> 
  custom:audio-decoder-ogg-vorbis: bf7c407c2cedff20999df2af8eb42d56 -> 
  custom:audio-encoder-webm-vorbis: bf7c407c2cedff20999df2af8eb42d56 -> 
========================================================================
Received Import Request.
  Time since last request: 2165.316547 seconds.
  path: Assets/Scripts/RubyController.cs
  artifactKey: Guid(db0a20fe1f0fdce4fa7cb4c3bc69da85) Importer(815301076,1909f56bfc062723c751e8b465ee728b)
Start importing Assets/Scripts/RubyController.cs using Guid(db0a20fe1f0fdce4fa7cb4c3bc69da85) Importer(815301076,1909f56bfc062723c751e8b465ee728b)  -> (artifact id: '9d84f9509ce8b91f93f920a4d51a6501') in 0.010433 seconds 
  Import took 0.013495 seconds .

========================================================================
Received Import Request.
  Time since last request: 3.263368 seconds.
  path: Assets/Prefabs/CollectibleHealth.prefab
  artifactKey: Guid(7f1c419d114b15f468a9ca244e6dddc2) Importer(815301076,1909f56bfc062723c751e8b465ee728b)
Start importing Assets/Prefabs/CollectibleHealth.prefab using Guid(7f1c419d114b15f468a9ca244e6dddc2) Importer(815301076,1909f56bfc062723c751e8b465ee728b)  -> (artifact id: '8ac377b4bf827c7ebd4ed295c3ac15cd') in 0.124447 seconds 
  Import took 0.128908 seconds .

========================================================================
Received Import Request.
  Time since last request: 0.000301 seconds.
  path: Assets/Prefabs/enemigo.prefab
  artifactKey: Guid(df1ede2cb52bc3346bb9662147bcaae4) Importer(815301076,1909f56bfc062723c751e8b465ee728b)
Start importing Assets/Prefabs/enemigo.prefab using Guid(df1ede2cb52bc3346bb9662147bcaae4) Importer(815301076,1909f56bfc062723c751e8b465ee728b)  -> (artifact id: 'b2cd56af1e48116de02d0bf30deb7781') in 0.068004 seconds 
  Import took 0.071711 seconds .

========================================================================
Received Import Request.
  Time since last request: 0.000208 seconds.
  path: Assets/Prefabs/MetalCube.prefab
  artifactKey: Guid(07cb1e4aa177a5d428cea810cdd01850) Importer(815301076,1909f56bfc062723c751e8b465ee728b)
Start importing Assets/Prefabs/MetalCube.prefab using Guid(07cb1e4aa177a5d428cea810cdd01850) Importer(815301076,1909f56bfc062723c751e8b465ee728b)  -> (artifact id: 'b1df25983695288261637d83a7315351') in 0.015657 seconds 
  Import took 0.019451 seconds .

========================================================================
Received Import Request.
  Time since last request: 0.000220 seconds.
  path: Assets/Prefabs/House.prefab
  artifactKey: Guid(610dc9304f4a9ec4e8108e4c9a539d99) Importer(815301076,1909f56bfc062723c751e8b465ee728b)
Start importing Assets/Prefabs/House.prefab using Guid(610dc9304f4a9ec4e8108e4c9a539d99) Importer(815301076,1909f56bfc062723c751e8b465ee728b)  -> (artifact id: 'c9f4e3c985cd81c4b42bafe2de6cbf72') in 0.025554 seconds 
  Import took 0.029368 seconds .

========================================================================
Received Import Request.
  Time since last request: 0.000259 seconds.
  path: Assets/Prefabs/Damageable.prefab
  artifactKey: Guid(e3223976f686ee54aa2280174787abd5) Importer(815301076,1909f56bfc062723c751e8b465ee728b)
Start importing Assets/Prefabs/Damageable.prefab using Guid(e3223976f686ee54aa2280174787abd5) Importer(815301076,1909f56bfc062723c751e8b465ee728b)  -> (artifact id: '6e5e0ece170c118ac3b8aff533b2de42') in 0.016913 seconds 
  Import took 0.020449 seconds .

========================================================================
Received Import Request.
  Time since last request: 0.000199 seconds.
  path: Assets/Prefabs/Ruby.prefab
  artifactKey: Guid(0bb7d559171e76246a0b6a7b30ef0116) Importer(815301076,1909f56bfc062723c751e8b465ee728b)
Start importing Assets/Prefabs/Ruby.prefab using Guid(0bb7d559171e76246a0b6a7b30ef0116) Importer(815301076,1909f56bfc062723c751e8b465ee728b)  -> (artifact id: '008f5c6dbb03b3d7482aa8f7f23a74af') in 0.015691 seconds 
  Import took 0.019016 seconds .

========================================================================
Received Import Request.
  Time since last request: 2.517074 seconds.
  path: Assets/Art/Sprites/Characters/JambiSheet.png
  artifactKey: Guid(255841382d607e24a8317d9ab167f414) Importer(815301076,1909f56bfc062723c751e8b465ee728b)
Start importing Assets/Art/Sprites/Characters/JambiSheet.png using Guid(255841382d607e24a8317d9ab167f414) Importer(815301076,1909f56bfc062723c751e8b465ee728b)  -> (artifact id: '6d430af58ba8f177d69370a804dcede9') in 0.117153 seconds 
  Import took 0.120942 seconds .

========================================================================
Received Import Request.
  Time since last request: 0.000252 seconds.
  path: Assets/Art/Sprites/Characters/RubySheet.png
  artifactKey: Guid(c1dbff5bcb29cdd4bbb8de3a29f2328c) Importer(815301076,1909f56bfc062723c751e8b465ee728b)
Start importing Assets/Art/Sprites/Characters/RubySheet.png using Guid(c1dbff5bcb29cdd4bbb8de3a29f2328c) Importer(815301076,1909f56bfc062723c751e8b465ee728b)  -> (artifact id: 'bc433d215ec5772815a51d328ba73d8e') in 0.105295 seconds 
  Import took 0.108669 seconds .

========================================================================
Received Import Request.
  Time since last request: 0.000262 seconds.
  path: Assets/Art/Sprites/Characters/MrClockworkSheet.png
  artifactKey: Guid(651c4abeb0812e74685da0e5a31c8dff) Importer(815301076,1909f56bfc062723c751e8b465ee728b)
Start importing Assets/Art/Sprites/Characters/MrClockworkSheet.png using Guid(651c4abeb0812e74685da0e5a31c8dff) Importer(815301076,1909f56bfc062723c751e8b465ee728b)  -> (artifact id: '6a32f1dd4f11173cd48c4427a5eef54a') in 0.081583 seconds 
  Import took 0.084844 seconds .

========================================================================
Received Import Request.
  Time since last request: 4.608365 seconds.
  path: Assets/Art/Sprites/Environmnent/Damageable.png
  artifactKey: Guid(0e15259342e82ee4f813807e5b28c0f3) Importer(815301076,1909f56bfc062723c751e8b465ee728b)
Start importing Assets/Art/Sprites/Environmnent/Damageable.png using Guid(0e15259342e82ee4f813807e5b28c0f3) Importer(815301076,1909f56bfc062723c751e8b465ee728b)  -> (artifact id: '372c3ccd45ebe004a4621c31c114146e') in 0.015995 seconds 
  Import took 0.020901 seconds .

========================================================================
Received Import Request.
  Time since last request: 0.000231 seconds.
  path: Assets/Art/Sprites/Environmnent/FloorBricksToGrassCorner.png
  artifactKey: Guid(2ff4c9799e22f1b4c95766cc11f47530) Importer(815301076,1909f56bfc062723c751e8b465ee728b)
Start importing Assets/Art/Sprites/Environmnent/FloorBricksToGrassCorner.png using Guid(2ff4c9799e22f1b4c95766cc11f47530) Importer(815301076,1909f56bfc062723c751e8b465ee728b)  -> (artifact id: '5e7bc13f4f30ea1e77ee462ed6929991') in 0.052617 seconds 
  Import took 0.057107 seconds .

========================================================================
Received Import Request.
  Time since last request: 0.000139 seconds.
  path: Assets/Art/Sprites/Environmnent/FloorWaterSquareCorners_8.asset
  artifactKey: Guid(4a08553eb7f2cad44b19acccd60d5aee) Importer(815301076,1909f56bfc062723c751e8b465ee728b)
Start importing Assets/Art/Sprites/Environmnent/FloorWaterSquareCorners_8.asset using Guid(4a08553eb7f2cad44b19acccd60d5aee) Importer(815301076,1909f56bfc062723c751e8b465ee728b)  -> (artifact id: 'f27522139f35386fb1a0482e1432a2d8') in 0.075520 seconds 
  Import took 0.079481 seconds .

========================================================================
Received Import Request.
  Time since last request: 0.000159 seconds.
  path: Assets/Art/Sprites/Environmnent/FloorWaterSquareCorners_3.asset
  artifactKey: Guid(ef268d86c5425d140822e643ca4d6b9d) Importer(815301076,1909f56bfc062723c751e8b465ee728b)
Start importing Assets/Art/Sprites/Environmnent/FloorWaterSquareCorners_3.asset using Guid(ef268d86c5425d140822e643ca4d6b9d) Importer(815301076,1909f56bfc062723c751e8b465ee728b)  -> (artifact id: '365ab4517d7aaa88b52722ab1f217cd4') in 0.011448 seconds 
  Import took 0.015076 seconds .

========================================================================
Received Import Request.
  Time since last request: 0.000170 seconds.
  path: Assets/Art/Sprites/Environmnent/FloorWaterSquareCorners_1.asset
  artifactKey: Guid(e9ac730741e87d64092a85d9d4e692a6) Importer(815301076,1909f56bfc062723c751e8b465ee728b)
Start importing Assets/Art/Sprites/Environmnent/FloorWaterSquareCorners_1.asset using Guid(e9ac730741e87d64092a85d9d4e692a6) Importer(815301076,1909f56bfc062723c751e8b465ee728b)  -> (artifact id: '2b9d0b969d8f6340c68cce287a1b7cd9') in 0.016216 seconds 
  Import took 0.019824 seconds .

========================================================================
Received Import Request.
  Time since last request: 0.000156 seconds.
  path: Assets/Art/Sprites/Environmnent/FloorGrassToBricksCorner.png
  artifactKey: Guid(df0b6f9e93b65bc4792e6cf7849c5e37) Importer(815301076,1909f56bfc062723c751e8b465ee728b)
Start importing Assets/Art/Sprites/Environmnent/FloorGrassToBricksCorner.png using Guid(df0b6f9e93b65bc4792e6cf7849c5e37) Importer(815301076,1909f56bfc062723c751e8b465ee728b)  -> (artifact id: '58560223a08dc3610cd59cf3570e59ce') in 0.084136 seconds 
  Import took 0.088516 seconds .

========================================================================
Received Import Request.
  Time since last request: 0.000305 seconds.
  path: Assets/Art/Sprites/Environmnent/FloorWaterRoundCorners.png
  artifactKey: Guid(957383e82ad8601499ca4cac1dd1214a) Importer(815301076,1909f56bfc062723c751e8b465ee728b)
Start importing Assets/Art/Sprites/Environmnent/FloorWaterRoundCorners.png using Guid(957383e82ad8601499ca4cac1dd1214a) Importer(815301076,1909f56bfc062723c751e8b465ee728b)  -> (artifact id: '74b1301394a8ef24bb049afae680b6dc') in 0.046454 seconds 
  Import took 0.051164 seconds .

========================================================================
Received Import Request.
  Time since last request: 0.000153 seconds.
  path: Assets/Art/Sprites/Environmnent/FloorWaterSquareCorners_5.asset
  artifactKey: Guid(51a1c758e7e0972428b986016ab30255) Importer(815301076,1909f56bfc062723c751e8b465ee728b)
Start importing Assets/Art/Sprites/Environmnent/FloorWaterSquareCorners_5.asset using Guid(51a1c758e7e0972428b986016ab30255) Importer(815301076,1909f56bfc062723c751e8b465ee728b)  -> (artifact id: '2a0e411aa978973dd4487887872b8e70') in 0.011584 seconds 
  Import took 0.014776 seconds .

========================================================================
Received Import Request.
  Time since last request: 0.000162 seconds.
  path: Assets/Art/Sprites/Environmnent/FloorWaterSquareCorners_7.asset
  artifactKey: Guid(1f79aa301769ad945afc38a0d11901df) Importer(815301076,1909f56bfc062723c751e8b465ee728b)
Start importing Assets/Art/Sprites/Environmnent/FloorWaterSquareCorners_7.asset using Guid(1f79aa301769ad945afc38a0d11901df) Importer(815301076,1909f56bfc062723c751e8b465ee728b)  -> (artifact id: 'e661d949a18d95ee91be34400f35d32d') in 0.013869 seconds 
  Import took 0.018017 seconds .

========================================================================
Received Import Request.
  Time since last request: 0.000151 seconds.
  path: Assets/Art/Sprites/Environmnent/House.png
  artifactKey: Guid(f27ebbf5c345352429b99a3dec7ae33e) Importer(815301076,1909f56bfc062723c751e8b465ee728b)
Start importing Assets/Art/Sprites/Environmnent/House.png using Guid(f27ebbf5c345352429b99a3dec7ae33e) Importer(815301076,1909f56bfc062723c751e8b465ee728b)  -> (artifact id: 'a65b96184dea25b3716e8a743880dd6c') in 0.016981 seconds 
  Import took 0.020919 seconds .

========================================================================
Received Import Request.
  Time since last request: 0.000162 seconds.
  path: Assets/Art/Sprites/Environmnent/FloorGrassToBricksSquare.png
  artifactKey: Guid(ae39c96545143eb41b1618200a550c81) Importer(815301076,1909f56bfc062723c751e8b465ee728b)
Start importing Assets/Art/Sprites/Environmnent/FloorGrassToBricksSquare.png using Guid(ae39c96545143eb41b1618200a550c81) Importer(815301076,1909f56bfc062723c751e8b465ee728b)  -> (artifact id: 'cb68ec542456709e9db58882713775f4') in 0.051269 seconds 
  Import took 0.054548 seconds .

========================================================================
Received Import Request.
  Time since last request: 0.000166 seconds.
  path: Assets/Art/Sprites/Environmnent/FloorWaterSquareCorners_4.asset
  artifactKey: Guid(a42608bfc9fb2e747880ec6d3d81eacb) Importer(815301076,1909f56bfc062723c751e8b465ee728b)
Start importing Assets/Art/Sprites/Environmnent/FloorWaterSquareCorners_4.asset using Guid(a42608bfc9fb2e747880ec6d3d81eacb) Importer(815301076,1909f56bfc062723c751e8b465ee728b)  -> (artifact id: '20559475e88b7ca778f20804bed36544') in 0.014221 seconds 
  Import took 0.017995 seconds .

========================================================================
Received Import Request.
  Time since last request: 0.000192 seconds.
  path: Assets/Art/Sprites/Environmnent/FloorWaterSquareCorners_6.asset
  artifactKey: Guid(58f4f3ab60d0f7b4b928641b6cfffc5c) Importer(815301076,1909f56bfc062723c751e8b465ee728b)
Start importing Assets/Art/Sprites/Environmnent/FloorWaterSquareCorners_6.asset using Guid(58f4f3ab60d0f7b4b928641b6cfffc5c) Importer(815301076,1909f56bfc062723c751e8b465ee728b)  -> (artifact id: '5b5b42935d9b11e18823593b66f59bce') in 0.012294 seconds 
  Import took 0.016071 seconds .

========================================================================
Received Import Request.
  Time since last request: 0.000165 seconds.
  path: Assets/Art/Sprites/Environmnent/FloorWaterSquareCorners_0.asset
  artifactKey: Guid(277f7586b0f3dc340a57e259a9f12a77) Importer(815301076,1909f56bfc062723c751e8b465ee728b)
Start importing Assets/Art/Sprites/Environmnent/FloorWaterSquareCorners_0.asset using Guid(277f7586b0f3dc340a57e259a9f12a77) Importer(815301076,1909f56bfc062723c751e8b465ee728b)  -> (artifact id: 'd3f38533aac2b5f4afa0367f150e3292') in 0.012652 seconds 
  Import took 0.016781 seconds .

========================================================================
Received Import Request.
  Time since last request: 0.000267 seconds.
  path: Assets/Art/Sprites/Environmnent/FloorBricksToGrassSquare.png
  artifactKey: Guid(2e6ecdf01ba70e3489b17b3f6525fec2) Importer(815301076,1909f56bfc062723c751e8b465ee728b)
Start importing Assets/Art/Sprites/Environmnent/FloorBricksToGrassSquare.png using Guid(2e6ecdf01ba70e3489b17b3f6525fec2) Importer(815301076,1909f56bfc062723c751e8b465ee728b)  -> (artifact id: '82339c991613cc149ccb2581917e7dc5') in 0.057211 seconds 
  Import took 0.060583 seconds .

========================================================================
Received Import Request.
  Time since last request: 0.000157 seconds.
  path: Assets/Art/Sprites/Environmnent/FloorWaterSquareCorners.png
  artifactKey: Guid(56dfe645f43c419458abb426118088e5) Importer(815301076,1909f56bfc062723c751e8b465ee728b)
Start importing Assets/Art/Sprites/Environmnent/FloorWaterSquareCorners.png using Guid(56dfe645f43c419458abb426118088e5) Importer(815301076,1909f56bfc062723c751e8b465ee728b)  -> (artifact id: 'b710531a98d4a3f1cdccc9d754181fe4') in 0.034360 seconds 
  Import took 0.037202 seconds .

========================================================================
Received Import Request.
  Time since last request: 0.000185 seconds.
  path: Assets/Art/Sprites/Environmnent/FloorWaterSquareCorners_2.asset
  artifactKey: Guid(ed8f2f60e40fbe549906fe135a77d957) Importer(815301076,1909f56bfc062723c751e8b465ee728b)
Start importing Assets/Art/Sprites/Environmnent/FloorWaterSquareCorners_2.asset using Guid(ed8f2f60e40fbe549906fe135a77d957) Importer(815301076,1909f56bfc062723c751e8b465ee728b)  -> (artifact id: '2bc4a43fafe17cd2425ad6920cae9d86') in 0.011753 seconds 
  Import took 0.015179 seconds .

========================================================================
Received Import Request.
  Time since last request: 0.000179 seconds.
  path: Assets/Art/Sprites/Environmnent/MetalCube.png
  artifactKey: Guid(b9244d299d06eea4fa3e8b8b6da46af5) Importer(815301076,1909f56bfc062723c751e8b465ee728b)
Start importing Assets/Art/Sprites/Environmnent/MetalCube.png using Guid(b9244d299d06eea4fa3e8b8b6da46af5) Importer(815301076,1909f56bfc062723c751e8b465ee728b)  -> (artifact id: 'ba26ccffd6a0b610ef97b5fda168a707') in 0.023421 seconds 
  Import took 0.027731 seconds .

========================================================================
Received Import Request.
  Time since last request: 79.485530 seconds.
  path: Assets/Art/Sprites/VFX/CollectibleHealth.png
  artifactKey: Guid(00e89d1057578a342b22583144a5ee03) Importer(815301076,1909f56bfc062723c751e8b465ee728b)
Start importing Assets/Art/Sprites/VFX/CollectibleHealth.png using Guid(00e89d1057578a342b22583144a5ee03) Importer(815301076,1909f56bfc062723c751e8b465ee728b)  -> (artifact id: 'cde0611dcb679f5f72df82b01de65df1') in 0.016525 seconds 
  Import took 0.021661 seconds .

========================================================================
Received Import Request.
  Time since last request: 0.002962 seconds.
  path: Assets/Art/Sprites/VFX/CollectibleHealth.png
  artifactKey: Guid(00e89d1057578a342b22583144a5ee03) Importer(815301076,1909f56bfc062723c751e8b465ee728b)
Start importing Assets/Art/Sprites/VFX/CollectibleHealth.png using Guid(00e89d1057578a342b22583144a5ee03) Importer(815301076,1909f56bfc062723c751e8b465ee728b)  -> (artifact id: 'cde0611dcb679f5f72df82b01de65df1') in 0.017056 seconds 
  Import took 0.021959 seconds .

========================================================================
Received Import Request.
  Time since last request: 16.304092 seconds.
  path: Assets/Art/Sprites/VFX/CogBullet.png
  artifactKey: Guid(c3bae526786f11046bdd2a781392a458) Importer(815301076,1909f56bfc062723c751e8b465ee728b)
Start importing Assets/Art/Sprites/VFX/CogBullet.png using Guid(c3bae526786f11046bdd2a781392a458) Importer(815301076,1909f56bfc062723c751e8b465ee728b)  -> (artifact id: '63e821bcf71608b0c453ed94f7b6a0dd') in 0.019034 seconds 
  Import took 0.023164 seconds .

========================================================================
Received Import Request.
  Time since last request: 0.003170 seconds.
  path: Assets/Art/Sprites/VFX/CogBullet.png
  artifactKey: Guid(c3bae526786f11046bdd2a781392a458) Importer(815301076,1909f56bfc062723c751e8b465ee728b)
Start importing Assets/Art/Sprites/VFX/CogBullet.png using Guid(c3bae526786f11046bdd2a781392a458) Importer(815301076,1909f56bfc062723c751e8b465ee728b)  -> (artifact id: '63e821bcf71608b0c453ed94f7b6a0dd') in 0.018175 seconds 
  Import took 0.021990 seconds .

========================================================================
Received Import Request.
  Time since last request: 296.933388 seconds.
  path: Assets/Scripts/Projectile.cs
  artifactKey: Guid(4c3eb3e6773713b419632d0b87b8d590) Importer(815301076,1909f56bfc062723c751e8b465ee728b)
Start importing Assets/Scripts/Projectile.cs using Guid(4c3eb3e6773713b419632d0b87b8d590) Importer(815301076,1909f56bfc062723c751e8b465ee728b)  -> (artifact id: '59666205f317f32719b80051c504e345') in 0.007561 seconds 
  Import took 0.013218 seconds .

========================================================================
Received Prepare
Registering precompiled user dll's ...
Registered in 0.006502 seconds.
Begin MonoManager ReloadAssembly
Native extension for WindowsStandalone target not found
Refreshing native plugins compatible for Editor in 0.47 ms, found 3 plugins.
Preloading 0 native plugins for Editor in 0.00 ms.
Mono: successfully reloaded assembly
- Completed reload, in  1.596 seconds
Platform modules already initialized, skipping
Refreshing native plugins compatible for Editor in 0.45 ms, found 3 plugins.
Preloading 0 native plugins for Editor in 0.00 ms.
Unloading 2074 Unused Serialized files (Serialized files now loaded: 0)
System memory in use before: 95.5 MB.
System memory in use after: 95.6 MB.

Unloading 16 unused Assets to reduce memory usage. Loaded Objects now: 2555.
Total: 2.995500 ms (FindLiveObjects: 0.251800 ms CreateObjectMapping: 0.100300 ms MarkObjects: 2.622700 ms  DeleteObjects: 0.019000 ms)

AssetImportParameters requested are different than current active one (requested -> active):
  custom:framework-win-MediaFoundation: 216162199b28c13a410421893ffa2e32 -> 
  custom:video-decoder-ogg-theora: a1e56fd34408186e4bbccfd4996cb3dc -> 
  custom:container-muxer-webm: aa71ff27fc2769a1b78a27578f13a17b -> 
  custom:container-demuxer-webm: 4f35f7cbe854078d1ac9338744f61a02 -> 
  custom:container-demuxer-ogg: 62fdf1f143b41e24485cea50d1cbac27 -> 
  custom:video-encoder-webm-vp8: eb34c28f22e8b96e1ab97ce403110664 -> 
  custom:video-decoder-webm-vp8: 9c59270c3fd7afecdb556c50c9e8de78 -> 
  custom:audio-decoder-ogg-vorbis: bf7c407c2cedff20999df2af8eb42d56 -> 
  custom:audio-encoder-webm-vorbis: bf7c407c2cedff20999df2af8eb42d56 -> 
========================================================================
Received Prepare
Registering precompiled user dll's ...
Registered in 0.006143 seconds.
Begin MonoManager ReloadAssembly
Native extension for WindowsStandalone target not found
Refreshing native plugins compatible for Editor in 0.43 ms, found 3 plugins.
Preloading 0 native plugins for Editor in 0.00 ms.
Mono: successfully reloaded assembly
- Completed reload, in  1.235 seconds
Platform modules already initialized, skipping
Refreshing native plugins compatible for Editor in 0.82 ms, found 3 plugins.
Preloading 0 native plugins for Editor in 0.00 ms.
Unloading 2074 Unused Serialized files (Serialized files now loaded: 0)
System memory in use before: 95.5 MB.
System memory in use after: 95.6 MB.

Unloading 16 unused Assets to reduce memory usage. Loaded Objects now: 2559.
Total: 2.090200 ms (FindLiveObjects: 0.224000 ms CreateObjectMapping: 0.107500 ms MarkObjects: 1.737200 ms  DeleteObjects: 0.020300 ms)

AssetImportParameters requested are different than current active one (requested -> active):
  custom:framework-win-MediaFoundation: 216162199b28c13a410421893ffa2e32 -> 
  custom:video-decoder-ogg-theora: a1e56fd34408186e4bbccfd4996cb3dc -> 
  custom:container-muxer-webm: aa71ff27fc2769a1b78a27578f13a17b -> 
  custom:container-demuxer-webm: 4f35f7cbe854078d1ac9338744f61a02 -> 
  custom:container-demuxer-ogg: 62fdf1f143b41e24485cea50d1cbac27 -> 
  custom:video-encoder-webm-vp8: eb34c28f22e8b96e1ab97ce403110664 -> 
  custom:video-decoder-webm-vp8: 9c59270c3fd7afecdb556c50c9e8de78 -> 
  custom:audio-decoder-ogg-vorbis: bf7c407c2cedff20999df2af8eb42d56 -> 
  custom:audio-encoder-webm-vorbis: bf7c407c2cedff20999df2af8eb42d56 -> 
========================================================================
Received Import Request.
  Time since last request: 258.438634 seconds.
  path: Assets/Scripts/Projectile.cs
  artifactKey: Guid(4c3eb3e6773713b419632d0b87b8d590) Importer(815301076,1909f56bfc062723c751e8b465ee728b)
Start importing Assets/Scripts/Projectile.cs using Guid(4c3eb3e6773713b419632d0b87b8d590) Importer(815301076,1909f56bfc062723c751e8b465ee728b)  -> (artifact id: '2b0ec558ddc2feefb38f0f342757c294') in 0.006339 seconds 
  Import took 0.009760 seconds .

========================================================================
Received Import Request.
  Time since last request: 0.000196 seconds.
  path: Assets/Scripts/EnemyController.cs
  artifactKey: Guid(bbcd8d93147c51444a1e7bdfb3b429b0) Importer(815301076,1909f56bfc062723c751e8b465ee728b)
Start importing Assets/Scripts/EnemyController.cs using Guid(bbcd8d93147c51444a1e7bdfb3b429b0) Importer(815301076,1909f56bfc062723c751e8b465ee728b)  -> (artifact id: '137eb167fa5945121a6388ee207a5d69') in 0.006747 seconds 
  Import took 0.011373 seconds .

========================================================================
Received Import Request.
  Time since last request: 140.795569 seconds.
  path: Assets/Prefabs/CogBullet.prefab
  artifactKey: Guid(74bb586aba651db4783154c5d4a618d2) Importer(815301076,1909f56bfc062723c751e8b465ee728b)
Start importing Assets/Prefabs/CogBullet.prefab using Guid(74bb586aba651db4783154c5d4a618d2) Importer(815301076,1909f56bfc062723c751e8b465ee728b)  -> (artifact id: '445ef51ad56c5e4b22c4cf96b79bb49c') in 0.055035 seconds 
  Import took 0.059483 seconds .

========================================================================
Received Import Request.
  Time since last request: 0.020592 seconds.
  path: Assets/Prefabs/CogBullet.prefab
  artifactKey: Guid(74bb586aba651db4783154c5d4a618d2) Importer(815301076,1909f56bfc062723c751e8b465ee728b)
Start importing Assets/Prefabs/CogBullet.prefab using Guid(74bb586aba651db4783154c5d4a618d2) Importer(815301076,1909f56bfc062723c751e8b465ee728b)  -> (artifact id: '445ef51ad56c5e4b22c4cf96b79bb49c') in 0.011547 seconds 
  Import took 0.015532 seconds .

========================================================================
Received Prepare
Registering precompiled user dll's ...
Registered in 0.004251 seconds.
Begin MonoManager ReloadAssembly
Native extension for WindowsStandalone target not found
Refreshing native plugins compatible for Editor in 0.48 ms, found 3 plugins.
Preloading 0 native plugins for Editor in 0.00 ms.
Mono: successfully reloaded assembly
- Completed reload, in  1.110 seconds
Platform modules already initialized, skipping
Refreshing native plugins compatible for Editor in 0.41 ms, found 3 plugins.
Preloading 0 native plugins for Editor in 0.00 ms.
Unloading 2074 Unused Serialized files (Serialized files now loaded: 0)
System memory in use before: 95.5 MB.
System memory in use after: 95.6 MB.

Unloading 16 unused Assets to reduce memory usage. Loaded Objects now: 2564.
Total: 2.271600 ms (FindLiveObjects: 0.210100 ms CreateObjectMapping: 0.095100 ms MarkObjects: 1.940700 ms  DeleteObjects: 0.021500 ms)

AssetImportParameters requested are different than current active one (requested -> active):
  custom:framework-win-MediaFoundation: 216162199b28c13a410421893ffa2e32 -> 
  custom:video-decoder-ogg-theora: a1e56fd34408186e4bbccfd4996cb3dc -> 
  custom:container-muxer-webm: aa71ff27fc2769a1b78a27578f13a17b -> 
  custom:container-demuxer-webm: 4f35f7cbe854078d1ac9338744f61a02 -> 
  custom:container-demuxer-ogg: 62fdf1f143b41e24485cea50d1cbac27 -> 
  custom:video-encoder-webm-vp8: eb34c28f22e8b96e1ab97ce403110664 -> 
  custom:video-decoder-webm-vp8: 9c59270c3fd7afecdb556c50c9e8de78 -> 
  custom:audio-decoder-ogg-vorbis: bf7c407c2cedff20999df2af8eb42d56 -> 
  custom:audio-encoder-webm-vorbis: bf7c407c2cedff20999df2af8eb42d56 -> 
========================================================================
Received Import Request.
  Time since last request: 1128.872814 seconds.
  path: Assets/Prefabs/Ruby.prefab
  artifactKey: Guid(0bb7d559171e76246a0b6a7b30ef0116) Importer(815301076,1909f56bfc062723c751e8b465ee728b)
Start importing Assets/Prefabs/Ruby.prefab using Guid(0bb7d559171e76246a0b6a7b30ef0116) Importer(815301076,1909f56bfc062723c751e8b465ee728b)  -> (artifact id: 'abbd22154977388d8fdb7526ce824b90') in 0.052937 seconds 
  Import took 0.057141 seconds .

========================================================================
Received Import Request.
  Time since last request: 1.765364 seconds.
  path: Assets/Prefabs/Ruby.prefab
  artifactKey: Guid(0bb7d559171e76246a0b6a7b30ef0116) Importer(815301076,1909f56bfc062723c751e8b465ee728b)
Start importing Assets/Prefabs/Ruby.prefab using Guid(0bb7d559171e76246a0b6a7b30ef0116) Importer(815301076,1909f56bfc062723c751e8b465ee728b)  -> (artifact id: 'abbd22154977388d8fdb7526ce824b90') in 0.009705 seconds 
  Import took 0.013272 seconds .

========================================================================
Received Prepare
Registering precompiled user dll's ...
Registered in 0.004315 seconds.
Begin MonoManager ReloadAssembly
Native extension for WindowsStandalone target not found
Refreshing native plugins compatible for Editor in 0.45 ms, found 3 plugins.
Preloading 0 native plugins for Editor in 0.00 ms.
Mono: successfully reloaded assembly
- Completed reload, in  1.055 seconds
Platform modules already initialized, skipping
Refreshing native plugins compatible for Editor in 0.49 ms, found 3 plugins.
Preloading 0 native plugins for Editor in 0.00 ms.
Unloading 2074 Unused Serialized files (Serialized files now loaded: 0)
System memory in use before: 95.5 MB.
System memory in use after: 95.6 MB.

Unloading 16 unused Assets to reduce memory usage. Loaded Objects now: 2569.
Total: 2.180200 ms (FindLiveObjects: 0.184400 ms CreateObjectMapping: 0.096900 ms MarkObjects: 1.881600 ms  DeleteObjects: 0.016300 ms)

AssetImportParameters requested are different than current active one (requested -> active):
  custom:framework-win-MediaFoundation: 216162199b28c13a410421893ffa2e32 -> 
  custom:video-decoder-ogg-theora: a1e56fd34408186e4bbccfd4996cb3dc -> 
  custom:container-muxer-webm: aa71ff27fc2769a1b78a27578f13a17b -> 
  custom:container-demuxer-webm: 4f35f7cbe854078d1ac9338744f61a02 -> 
  custom:container-demuxer-ogg: 62fdf1f143b41e24485cea50d1cbac27 -> 
  custom:video-encoder-webm-vp8: eb34c28f22e8b96e1ab97ce403110664 -> 
  custom:video-decoder-webm-vp8: 9c59270c3fd7afecdb556c50c9e8de78 -> 
  custom:audio-decoder-ogg-vorbis: bf7c407c2cedff20999df2af8eb42d56 -> 
  custom:audio-encoder-webm-vorbis: bf7c407c2cedff20999df2af8eb42d56 -> 
========================================================================
Received Prepare
Registering precompiled user dll's ...
Registered in 0.004040 seconds.
Begin MonoManager ReloadAssembly
Native extension for WindowsStandalone target not found
Refreshing native plugins compatible for Editor in 0.52 ms, found 3 plugins.
Preloading 0 native plugins for Editor in 0.00 ms.
Mono: successfully reloaded assembly
- Completed reload, in  1.082 seconds
Platform modules already initialized, skipping
Refreshing native plugins compatible for Editor in 0.51 ms, found 3 plugins.
Preloading 0 native plugins for Editor in 0.00 ms.
Unloading 2074 Unused Serialized files (Serialized files now loaded: 0)
System memory in use before: 95.5 MB.
System memory in use after: 95.6 MB.

Unloading 16 unused Assets to reduce memory usage. Loaded Objects now: 2573.
Total: 2.115100 ms (FindLiveObjects: 0.179400 ms CreateObjectMapping: 0.061400 ms MarkObjects: 1.815600 ms  DeleteObjects: 0.057800 ms)

AssetImportParameters requested are different than current active one (requested -> active):
  custom:framework-win-MediaFoundation: 216162199b28c13a410421893ffa2e32 -> 
  custom:video-decoder-ogg-theora: a1e56fd34408186e4bbccfd4996cb3dc -> 
  custom:container-muxer-webm: aa71ff27fc2769a1b78a27578f13a17b -> 
  custom:container-demuxer-webm: 4f35f7cbe854078d1ac9338744f61a02 -> 
  custom:container-demuxer-ogg: 62fdf1f143b41e24485cea50d1cbac27 -> 
  custom:video-encoder-webm-vp8: eb34c28f22e8b96e1ab97ce403110664 -> 
  custom:video-decoder-webm-vp8: 9c59270c3fd7afecdb556c50c9e8de78 -> 
  custom:audio-decoder-ogg-vorbis: bf7c407c2cedff20999df2af8eb42d56 -> 
  custom:audio-encoder-webm-vorbis: bf7c407c2cedff20999df2af8eb42d56 -> 
========================================================================
Received Prepare
Registering precompiled user dll's ...
Registered in 0.004972 seconds.
Begin MonoManager ReloadAssembly
Native extension for WindowsStandalone target not found
Refreshing native plugins compatible for Editor in 0.48 ms, found 3 plugins.
Preloading 0 native plugins for Editor in 0.00 ms.
Mono: successfully reloaded assembly
- Completed reload, in  1.160 seconds
Platform modules already initialized, skipping
Refreshing native plugins compatible for Editor in 0.46 ms, found 3 plugins.
Preloading 0 native plugins for Editor in 0.00 ms.
Unloading 2074 Unused Serialized files (Serialized files now loaded: 0)
System memory in use before: 95.5 MB.
System memory in use after: 95.7 MB.

Unloading 16 unused Assets to reduce memory usage. Loaded Objects now: 2577.
Total: 2.368600 ms (FindLiveObjects: 0.244500 ms CreateObjectMapping: 0.097500 ms MarkObjects: 2.005400 ms  DeleteObjects: 0.019900 ms)

AssetImportParameters requested are different than current active one (requested -> active):
  custom:framework-win-MediaFoundation: 216162199b28c13a410421893ffa2e32 -> 
  custom:video-decoder-ogg-theora: a1e56fd34408186e4bbccfd4996cb3dc -> 
  custom:container-muxer-webm: aa71ff27fc2769a1b78a27578f13a17b -> 
  custom:container-demuxer-webm: 4f35f7cbe854078d1ac9338744f61a02 -> 
  custom:container-demuxer-ogg: 62fdf1f143b41e24485cea50d1cbac27 -> 
  custom:video-encoder-webm-vp8: eb34c28f22e8b96e1ab97ce403110664 -> 
  custom:video-decoder-webm-vp8: 9c59270c3fd7afecdb556c50c9e8de78 -> 
  custom:audio-decoder-ogg-vorbis: bf7c407c2cedff20999df2af8eb42d56 -> 
  custom:audio-encoder-webm-vorbis: bf7c407c2cedff20999df2af8eb42d56 -> 
========================================================================
Received Import Request.
  Time since last request: 215.792422 seconds.
  path: Assets/Scripts/Projectile.cs
  artifactKey: Guid(4c3eb3e6773713b419632d0b87b8d590) Importer(815301076,1909f56bfc062723c751e8b465ee728b)
Start importing Assets/Scripts/Projectile.cs using Guid(4c3eb3e6773713b419632d0b87b8d590) Importer(815301076,1909f56bfc062723c751e8b465ee728b)  -> (artifact id: 'e99109754806644a8dbd421096a3da1f') in 0.004138 seconds 
  Import took 0.007228 seconds .

========================================================================
Received Import Request.
  Time since last request: 70.518774 seconds.
  path: ProjectSettings/TagManager.asset
  artifactKey: Guid(00000000000000003000000000000000) Importer(815301076,1909f56bfc062723c751e8b465ee728b)
Start importing ProjectSettings/TagManager.asset using Guid(00000000000000003000000000000000) Importer(815301076,1909f56bfc062723c751e8b465ee728b)  -> (artifact id: '95df672b4aaba54310d34c83eef51bb8') in 0.014642 seconds 
  Import took 0.018327 seconds .

========================================================================
Received Import Request.
  Time since last request: 0.002476 seconds.
  path: ProjectSettings/TagManager.asset
  artifactKey: Guid(00000000000000003000000000000000) Importer(815301076,1909f56bfc062723c751e8b465ee728b)
Start importing ProjectSettings/TagManager.asset using Guid(00000000000000003000000000000000) Importer(815301076,1909f56bfc062723c751e8b465ee728b)  -> (artifact id: '95df672b4aaba54310d34c83eef51bb8') in 0.002767 seconds 
  Import took 0.006202 seconds .

========================================================================
Received Import Request.
  Time since last request: 52.317788 seconds.
  path: Assets/Prefabs/Ruby.prefab
  artifactKey: Guid(0bb7d559171e76246a0b6a7b30ef0116) Importer(815301076,1909f56bfc062723c751e8b465ee728b)
Start importing Assets/Prefabs/Ruby.prefab using Guid(0bb7d559171e76246a0b6a7b30ef0116) Importer(815301076,1909f56bfc062723c751e8b465ee728b)  -> (artifact id: '176a1acb87d00f194ae7dc0d2b0ab8f3') in 0.049903 seconds 
  Import took 0.053267 seconds .

========================================================================
Received Prepare
Registering precompiled user dll's ...
Registered in 0.004761 seconds.
Begin MonoManager ReloadAssembly
Native extension for WindowsStandalone target not found
Refreshing native plugins compatible for Editor in 0.49 ms, found 3 plugins.
Preloading 0 native plugins for Editor in 0.00 ms.
Mono: successfully reloaded assembly
- Completed reload, in  1.218 seconds
Platform modules already initialized, skipping
Refreshing native plugins compatible for Editor in 0.47 ms, found 3 plugins.
Preloading 0 native plugins for Editor in 0.00 ms.
Unloading 2074 Unused Serialized files (Serialized files now loaded: 0)
System memory in use before: 95.6 MB.
System memory in use after: 95.7 MB.

Unloading 18 unused Assets to reduce memory usage. Loaded Objects now: 2582.
Total: 2.205300 ms (FindLiveObjects: 0.165200 ms CreateObjectMapping: 0.071400 ms MarkObjects: 1.938200 ms  DeleteObjects: 0.029600 ms)

AssetImportParameters requested are different than current active one (requested -> active):
  custom:framework-win-MediaFoundation: 216162199b28c13a410421893ffa2e32 -> 
  custom:video-decoder-ogg-theora: a1e56fd34408186e4bbccfd4996cb3dc -> 
  custom:container-muxer-webm: aa71ff27fc2769a1b78a27578f13a17b -> 
  custom:container-demuxer-webm: 4f35f7cbe854078d1ac9338744f61a02 -> 
  custom:container-demuxer-ogg: 62fdf1f143b41e24485cea50d1cbac27 -> 
  custom:video-encoder-webm-vp8: eb34c28f22e8b96e1ab97ce403110664 -> 
  custom:video-decoder-webm-vp8: 9c59270c3fd7afecdb556c50c9e8de78 -> 
  custom:audio-decoder-ogg-vorbis: bf7c407c2cedff20999df2af8eb42d56 -> 
  custom:audio-encoder-webm-vorbis: bf7c407c2cedff20999df2af8eb42d56 -> 
========================================================================
Received Prepare
Registering precompiled user dll's ...
Registered in 0.004105 seconds.
Begin MonoManager ReloadAssembly
Native extension for WindowsStandalone target not found
Refreshing native plugins compatible for Editor in 0.41 ms, found 3 plugins.
Preloading 0 native plugins for Editor in 0.00 ms.
Mono: successfully reloaded assembly
- Completed reload, in  1.139 seconds
Platform modules already initialized, skipping
Refreshing native plugins compatible for Editor in 0.44 ms, found 3 plugins.
Preloading 0 native plugins for Editor in 0.00 ms.
Unloading 2074 Unused Serialized files (Serialized files now loaded: 0)
System memory in use before: 95.6 MB.
System memory in use after: 95.7 MB.

Unloading 16 unused Assets to reduce memory usage. Loaded Objects now: 2586.
Total: 2.470400 ms (FindLiveObjects: 0.171400 ms CreateObjectMapping: 0.095400 ms MarkObjects: 2.173500 ms  DeleteObjects: 0.029100 ms)

AssetImportParameters requested are different than current active one (requested -> active):
  custom:framework-win-MediaFoundation: 216162199b28c13a410421893ffa2e32 -> 
  custom:video-decoder-ogg-theora: a1e56fd34408186e4bbccfd4996cb3dc -> 
  custom:container-muxer-webm: aa71ff27fc2769a1b78a27578f13a17b -> 
  custom:container-demuxer-webm: 4f35f7cbe854078d1ac9338744f61a02 -> 
  custom:container-demuxer-ogg: 62fdf1f143b41e24485cea50d1cbac27 -> 
  custom:video-encoder-webm-vp8: eb34c28f22e8b96e1ab97ce403110664 -> 
  custom:video-decoder-webm-vp8: 9c59270c3fd7afecdb556c50c9e8de78 -> 
  custom:audio-decoder-ogg-vorbis: bf7c407c2cedff20999df2af8eb42d56 -> 
  custom:audio-encoder-webm-vorbis: bf7c407c2cedff20999df2af8eb42d56 -> 
========================================================================
Received Prepare
Registering precompiled user dll's ...
Registered in 0.004662 seconds.
Begin MonoManager ReloadAssembly
Native extension for WindowsStandalone target not found
Refreshing native plugins compatible for Editor in 0.49 ms, found 3 plugins.
Preloading 0 native plugins for Editor in 0.00 ms.
Mono: successfully reloaded assembly
- Completed reload, in  1.114 seconds
Platform modules already initialized, skipping
Refreshing native plugins compatible for Editor in 0.66 ms, found 3 plugins.
Preloading 0 native plugins for Editor in 0.00 ms.
Unloading 2074 Unused Serialized files (Serialized files now loaded: 0)
System memory in use before: 95.6 MB.
System memory in use after: 95.7 MB.

Unloading 16 unused Assets to reduce memory usage. Loaded Objects now: 2590.
Total: 2.014700 ms (FindLiveObjects: 0.197300 ms CreateObjectMapping: 0.096100 ms MarkObjects: 1.704600 ms  DeleteObjects: 0.015700 ms)

AssetImportParameters requested are different than current active one (requested -> active):
  custom:framework-win-MediaFoundation: 216162199b28c13a410421893ffa2e32 -> 
  custom:video-decoder-ogg-theora: a1e56fd34408186e4bbccfd4996cb3dc -> 
  custom:container-muxer-webm: aa71ff27fc2769a1b78a27578f13a17b -> 
  custom:container-demuxer-webm: 4f35f7cbe854078d1ac9338744f61a02 -> 
  custom:container-demuxer-ogg: 62fdf1f143b41e24485cea50d1cbac27 -> 
  custom:video-encoder-webm-vp8: eb34c28f22e8b96e1ab97ce403110664 -> 
  custom:video-decoder-webm-vp8: 9c59270c3fd7afecdb556c50c9e8de78 -> 
  custom:audio-decoder-ogg-vorbis: bf7c407c2cedff20999df2af8eb42d56 -> 
  custom:audio-encoder-webm-vorbis: bf7c407c2cedff20999df2af8eb42d56 -> 
========================================================================
Received Prepare
Registering precompiled user dll's ...
Registered in 0.004442 seconds.
Begin MonoManager ReloadAssembly
Native extension for WindowsStandalone target not found
Refreshing native plugins compatible for Editor in 0.42 ms, found 3 plugins.
Preloading 0 native plugins for Editor in 0.00 ms.
Mono: successfully reloaded assembly
- Completed reload, in  1.125 seconds
Platform modules already initialized, skipping
Refreshing native plugins compatible for Editor in 0.42 ms, found 3 plugins.
Preloading 0 native plugins for Editor in 0.00 ms.
Unloading 2074 Unused Serialized files (Serialized files now loaded: 0)
System memory in use before: 95.6 MB.
System memory in use after: 95.7 MB.

Unloading 16 unused Assets to reduce memory usage. Loaded Objects now: 2594.
Total: 2.561200 ms (FindLiveObjects: 0.189300 ms CreateObjectMapping: 0.066200 ms MarkObjects: 2.282500 ms  DeleteObjects: 0.021800 ms)

AssetImportParameters requested are different than current active one (requested -> active):
  custom:framework-win-MediaFoundation: 216162199b28c13a410421893ffa2e32 -> 
  custom:video-decoder-ogg-theora: a1e56fd34408186e4bbccfd4996cb3dc -> 
  custom:container-muxer-webm: aa71ff27fc2769a1b78a27578f13a17b -> 
  custom:container-demuxer-webm: 4f35f7cbe854078d1ac9338744f61a02 -> 
  custom:container-demuxer-ogg: 62fdf1f143b41e24485cea50d1cbac27 -> 
  custom:video-encoder-webm-vp8: eb34c28f22e8b96e1ab97ce403110664 -> 
  custom:video-decoder-webm-vp8: 9c59270c3fd7afecdb556c50c9e8de78 -> 
  custom:audio-decoder-ogg-vorbis: bf7c407c2cedff20999df2af8eb42d56 -> 
  custom:audio-encoder-webm-vorbis: bf7c407c2cedff20999df2af8eb42d56 -> 
========================================================================
Received Import Request.
  Time since last request: 889.952933 seconds.
  path: Assets/Scripts/Projectile.cs
  artifactKey: Guid(4c3eb3e6773713b419632d0b87b8d590) Importer(815301076,1909f56bfc062723c751e8b465ee728b)
Start importing Assets/Scripts/Projectile.cs using Guid(4c3eb3e6773713b419632d0b87b8d590) Importer(815301076,1909f56bfc062723c751e8b465ee728b)  -> (artifact id: '9c6e06e82eddd375b24c8c85081f99f7') in 0.005284 seconds 
  Import took 0.008669 seconds .

========================================================================
Received Import Request.
  Time since last request: 0.000615 seconds.
  path: Assets/Scripts/Projectile.cs
  artifactKey: Guid(4c3eb3e6773713b419632d0b87b8d590) Importer(815301076,1909f56bfc062723c751e8b465ee728b)
Start importing Assets/Scripts/Projectile.cs using Guid(4c3eb3e6773713b419632d0b87b8d590) Importer(815301076,1909f56bfc062723c751e8b465ee728b)  -> (artifact id: '9c6e06e82eddd375b24c8c85081f99f7') in 0.002336 seconds 
  Import took 0.006275 seconds .

========================================================================
Received Prepare
Registering precompiled user dll's ...
Registered in 0.005377 seconds.
Begin MonoManager ReloadAssembly
Native extension for WindowsStandalone target not found
Refreshing native plugins compatible for Editor in 0.47 ms, found 3 plugins.
Preloading 0 native plugins for Editor in 0.00 ms.
Mono: successfully reloaded assembly
- Completed reload, in  1.061 seconds
Platform modules already initialized, skipping
Refreshing native plugins compatible for Editor in 0.42 ms, found 3 plugins.
Preloading 0 native plugins for Editor in 0.00 ms.
Unloading 2074 Unused Serialized files (Serialized files now loaded: 0)
System memory in use before: 95.6 MB.
System memory in use after: 95.7 MB.

Unloading 16 unused Assets to reduce memory usage. Loaded Objects now: 2598.
Total: 2.501800 ms (FindLiveObjects: 0.198500 ms CreateObjectMapping: 0.070200 ms MarkObjects: 2.180700 ms  DeleteObjects: 0.051500 ms)

AssetImportParameters requested are different than current active one (requested -> active):
  custom:framework-win-MediaFoundation: 216162199b28c13a410421893ffa2e32 -> 
  custom:video-decoder-ogg-theora: a1e56fd34408186e4bbccfd4996cb3dc -> 
  custom:container-muxer-webm: aa71ff27fc2769a1b78a27578f13a17b -> 
  custom:container-demuxer-webm: 4f35f7cbe854078d1ac9338744f61a02 -> 
  custom:container-demuxer-ogg: 62fdf1f143b41e24485cea50d1cbac27 -> 
  custom:video-encoder-webm-vp8: eb34c28f22e8b96e1ab97ce403110664 -> 
  custom:video-decoder-webm-vp8: 9c59270c3fd7afecdb556c50c9e8de78 -> 
  custom:audio-decoder-ogg-vorbis: bf7c407c2cedff20999df2af8eb42d56 -> 
  custom:audio-encoder-webm-vorbis: bf7c407c2cedff20999df2af8eb42d56 -> 
========================================================================
Received Import Request.
  Time since last request: 120.624966 seconds.
  path: ProjectSettings/TagManager.asset
  artifactKey: Guid(00000000000000003000000000000000) Importer(815301076,1909f56bfc062723c751e8b465ee728b)
Start importing ProjectSettings/TagManager.asset using Guid(00000000000000003000000000000000) Importer(815301076,1909f56bfc062723c751e8b465ee728b)  -> (artifact id: '53451b6f78a2b7702d50606e035ed96c') in 0.015106 seconds 
  Import took 0.018855 seconds .

========================================================================
Received Prepare
Registering precompiled user dll's ...
Registered in 0.005731 seconds.
Begin MonoManager ReloadAssembly
Native extension for WindowsStandalone target not found
Refreshing native plugins compatible for Editor in 0.50 ms, found 3 plugins.
Preloading 0 native plugins for Editor in 0.00 ms.
Mono: successfully reloaded assembly
- Completed reload, in  1.080 seconds
Platform modules already initialized, skipping
Refreshing native plugins compatible for Editor in 0.45 ms, found 3 plugins.
Preloading 0 native plugins for Editor in 0.00 ms.
Unloading 2074 Unused Serialized files (Serialized files now loaded: 0)
System memory in use before: 95.6 MB.
System memory in use after: 95.7 MB.

Unloading 17 unused Assets to reduce memory usage. Loaded Objects now: 2602.
Total: 2.608400 ms (FindLiveObjects: 0.193500 ms CreateObjectMapping: 0.071900 ms MarkObjects: 2.288400 ms  DeleteObjects: 0.053800 ms)

AssetImportParameters requested are different than current active one (requested -> active):
  custom:framework-win-MediaFoundation: 216162199b28c13a410421893ffa2e32 -> 
  custom:video-decoder-ogg-theora: a1e56fd34408186e4bbccfd4996cb3dc -> 
  custom:container-muxer-webm: aa71ff27fc2769a1b78a27578f13a17b -> 
  custom:container-demuxer-webm: 4f35f7cbe854078d1ac9338744f61a02 -> 
  custom:container-demuxer-ogg: 62fdf1f143b41e24485cea50d1cbac27 -> 
  custom:video-encoder-webm-vp8: eb34c28f22e8b96e1ab97ce403110664 -> 
  custom:video-decoder-webm-vp8: 9c59270c3fd7afecdb556c50c9e8de78 -> 
  custom:audio-decoder-ogg-vorbis: bf7c407c2cedff20999df2af8eb42d56 -> 
  custom:audio-encoder-webm-vorbis: bf7c407c2cedff20999df2af8eb42d56 -> 
========================================================================
Received Import Request.
  Time since last request: 34.571886 seconds.
  path: Assets/Prefabs/Damageable.prefab
  artifactKey: Guid(e3223976f686ee54aa2280174787abd5) Importer(815301076,1909f56bfc062723c751e8b465ee728b)
Start importing Assets/Prefabs/Damageable.prefab using Guid(e3223976f686ee54aa2280174787abd5) Importer(815301076,1909f56bfc062723c751e8b465ee728b)  -> (artifact id: '0e2a6e3d08677025820c335d9a84fed3') in 0.050827 seconds 
  Import took 0.054407 seconds .

========================================================================
Received Import Request.
  Time since last request: 2.691127 seconds.
  path: Assets/Prefabs/CollectibleHealth.prefab
  artifactKey: Guid(7f1c419d114b15f468a9ca244e6dddc2) Importer(815301076,1909f56bfc062723c751e8b465ee728b)
Start importing Assets/Prefabs/CollectibleHealth.prefab using Guid(7f1c419d114b15f468a9ca244e6dddc2) Importer(815301076,1909f56bfc062723c751e8b465ee728b)  -> (artifact id: '0bc05026dac6f805ef342a7718e18efa') in 0.013275 seconds 
  Import took 0.017071 seconds .

========================================================================
Received Import Request.
  Time since last request: 1.661950 seconds.
  path: Assets/Prefabs/CollectibleHealth.prefab
  artifactKey: Guid(7f1c419d114b15f468a9ca244e6dddc2) Importer(815301076,1909f56bfc062723c751e8b465ee728b)
Start importing Assets/Prefabs/CollectibleHealth.prefab using Guid(7f1c419d114b15f468a9ca244e6dddc2) Importer(815301076,1909f56bfc062723c751e8b465ee728b)  -> (artifact id: 'a27e776cdf79e86797d0849f3736bfd2') in 0.009454 seconds 
  Import took 0.013769 seconds .

========================================================================
Received Prepare
Registering precompiled user dll's ...
Registered in 0.003719 seconds.
Begin MonoManager ReloadAssembly
Native extension for WindowsStandalone target not found
Refreshing native plugins compatible for Editor in 0.40 ms, found 3 plugins.
Preloading 0 native plugins for Editor in 0.00 ms.
Mono: successfully reloaded assembly
- Completed reload, in  1.039 seconds
Platform modules already initialized, skipping
Refreshing native plugins compatible for Editor in 0.47 ms, found 3 plugins.
Preloading 0 native plugins for Editor in 0.00 ms.
Unloading 2074 Unused Serialized files (Serialized files now loaded: 0)
System memory in use before: 95.6 MB.
System memory in use after: 95.7 MB.

Unloading 16 unused Assets to reduce memory usage. Loaded Objects now: 2607.
Total: 2.249900 ms (FindLiveObjects: 0.209800 ms CreateObjectMapping: 0.076400 ms MarkObjects: 1.946000 ms  DeleteObjects: 0.016300 ms)

AssetImportParameters requested are different than current active one (requested -> active):
  custom:framework-win-MediaFoundation: 216162199b28c13a410421893ffa2e32 -> 
  custom:video-decoder-ogg-theora: a1e56fd34408186e4bbccfd4996cb3dc -> 
  custom:container-muxer-webm: aa71ff27fc2769a1b78a27578f13a17b -> 
  custom:container-demuxer-webm: 4f35f7cbe854078d1ac9338744f61a02 -> 
  custom:container-demuxer-ogg: 62fdf1f143b41e24485cea50d1cbac27 -> 
  custom:video-encoder-webm-vp8: eb34c28f22e8b96e1ab97ce403110664 -> 
  custom:video-decoder-webm-vp8: 9c59270c3fd7afecdb556c50c9e8de78 -> 
  custom:audio-decoder-ogg-vorbis: bf7c407c2cedff20999df2af8eb42d56 -> 
  custom:audio-encoder-webm-vorbis: bf7c407c2cedff20999df2af8eb42d56 -> 
========================================================================
Received Prepare
Registering precompiled user dll's ...
Registered in 0.005295 seconds.
Begin MonoManager ReloadAssembly
Native extension for WindowsStandalone target not found
Refreshing native plugins compatible for Editor in 0.44 ms, found 3 plugins.
Preloading 0 native plugins for Editor in 0.00 ms.
Mono: successfully reloaded assembly
- Completed reload, in  1.325 seconds
Platform modules already initialized, skipping
Refreshing native plugins compatible for Editor in 0.54 ms, found 3 plugins.
Preloading 0 native plugins for Editor in 0.00 ms.
Unloading 2074 Unused Serialized files (Serialized files now loaded: 0)
System memory in use before: 95.6 MB.
System memory in use after: 95.7 MB.

Unloading 16 unused Assets to reduce memory usage. Loaded Objects now: 2611.
Total: 2.006700 ms (FindLiveObjects: 0.187600 ms CreateObjectMapping: 0.078900 ms MarkObjects: 1.723000 ms  DeleteObjects: 0.016300 ms)

AssetImportParameters requested are different than current active one (requested -> active):
  custom:framework-win-MediaFoundation: 216162199b28c13a410421893ffa2e32 -> 
  custom:video-decoder-ogg-theora: a1e56fd34408186e4bbccfd4996cb3dc -> 
  custom:container-muxer-webm: aa71ff27fc2769a1b78a27578f13a17b -> 
  custom:container-demuxer-webm: 4f35f7cbe854078d1ac9338744f61a02 -> 
  custom:container-demuxer-ogg: 62fdf1f143b41e24485cea50d1cbac27 -> 
  custom:video-encoder-webm-vp8: eb34c28f22e8b96e1ab97ce403110664 -> 
  custom:video-decoder-webm-vp8: 9c59270c3fd7afecdb556c50c9e8de78 -> 
  custom:audio-decoder-ogg-vorbis: bf7c407c2cedff20999df2af8eb42d56 -> 
  custom:audio-encoder-webm-vorbis: bf7c407c2cedff20999df2af8eb42d56 -> 
========================================================================
Received Import Request.
  Time since last request: 232.500630 seconds.
  path: ProjectSettings/TagManager.asset
  artifactKey: Guid(00000000000000003000000000000000) Importer(815301076,1909f56bfc062723c751e8b465ee728b)
Start importing ProjectSettings/TagManager.asset using Guid(00000000000000003000000000000000) Importer(815301076,1909f56bfc062723c751e8b465ee728b)  -> (artifact id: '401eb11a3d59949f856b68ac74d1b750') in 0.015551 seconds 
  Import took 0.020006 seconds .

========================================================================
Received Prepare
Registering precompiled user dll's ...
Registered in 0.003768 seconds.
Begin MonoManager ReloadAssembly
Native extension for WindowsStandalone target not found
Refreshing native plugins compatible for Editor in 0.67 ms, found 3 plugins.
Preloading 0 native plugins for Editor in 0.00 ms.
Mono: successfully reloaded assembly
- Completed reload, in  1.352 seconds
Platform modules already initialized, skipping
Refreshing native plugins compatible for Editor in 0.50 ms, found 3 plugins.
Preloading 0 native plugins for Editor in 0.00 ms.
Unloading 2074 Unused Serialized files (Serialized files now loaded: 0)
System memory in use before: 95.6 MB.
System memory in use after: 95.7 MB.

Unloading 17 unused Assets to reduce memory usage. Loaded Objects now: 2615.
Total: 2.540300 ms (FindLiveObjects: 0.212700 ms CreateObjectMapping: 0.088800 ms MarkObjects: 2.217300 ms  DeleteObjects: 0.020300 ms)

AssetImportParameters requested are different than current active one (requested -> active):
  custom:framework-win-MediaFoundation: 216162199b28c13a410421893ffa2e32 -> 
  custom:video-decoder-ogg-theora: a1e56fd34408186e4bbccfd4996cb3dc -> 
  custom:container-muxer-webm: aa71ff27fc2769a1b78a27578f13a17b -> 
  custom:container-demuxer-webm: 4f35f7cbe854078d1ac9338744f61a02 -> 
  custom:container-demuxer-ogg: 62fdf1f143b41e24485cea50d1cbac27 -> 
  custom:video-encoder-webm-vp8: eb34c28f22e8b96e1ab97ce403110664 -> 
  custom:video-decoder-webm-vp8: 9c59270c3fd7afecdb556c50c9e8de78 -> 
  custom:audio-decoder-ogg-vorbis: bf7c407c2cedff20999df2af8eb42d56 -> 
  custom:audio-encoder-webm-vorbis: bf7c407c2cedff20999df2af8eb42d56 -> 
========================================================================
Received Import Request.
  Time since last request: 3085.096072 seconds.
  path: Assets/Art/Animations/Robot.controller
  artifactKey: Guid(258062a4c2ea5ed4ea4fd3f1d56079a7) Importer(815301076,1909f56bfc062723c751e8b465ee728b)
Start importing Assets/Art/Animations/Robot.controller using Guid(258062a4c2ea5ed4ea4fd3f1d56079a7) Importer(815301076,1909f56bfc062723c751e8b465ee728b)  -> (artifact id: '271faa4fac8fac739b0327c4ee01e5b5') in 0.021431 seconds 
  Import took 0.026069 seconds .

========================================================================
Received Import Request.
  Time since last request: 1717.712159 seconds.
  path: Assets/Art/Animations/Robot.controller
  artifactKey: Guid(258062a4c2ea5ed4ea4fd3f1d56079a7) Importer(815301076,1909f56bfc062723c751e8b465ee728b)
Start importing Assets/Art/Animations/Robot.controller using Guid(258062a4c2ea5ed4ea4fd3f1d56079a7) Importer(815301076,1909f56bfc062723c751e8b465ee728b)  -> (artifact id: 'c79cdcafdab1a7c8a5e903c862d7ed3a') in 0.009233 seconds 
  Import took 0.013295 seconds .

========================================================================
Received Import Request.
  Time since last request: 200.826859 seconds.
  path: Assets/Prefabs/RobotFixed.anim
  artifactKey: Guid(2ba704accd3ddd845b5dbbde129cd9c6) Importer(815301076,1909f56bfc062723c751e8b465ee728b)
Start importing Assets/Prefabs/RobotFixed.anim using Guid(2ba704accd3ddd845b5dbbde129cd9c6) Importer(815301076,1909f56bfc062723c751e8b465ee728b)  -> (artifact id: 'f48b1af7d1c142d8517754cd52f72352') in 0.009549 seconds 
  Import took 0.013321 seconds .

========================================================================
Received Import Request.
  Time since last request: 0.045353 seconds.
  path: Assets/Prefabs/RobotFixed.anim
  artifactKey: Guid(2ba704accd3ddd845b5dbbde129cd9c6) Importer(815301076,1909f56bfc062723c751e8b465ee728b)
Start importing Assets/Prefabs/RobotFixed.anim using Guid(2ba704accd3ddd845b5dbbde129cd9c6) Importer(815301076,1909f56bfc062723c751e8b465ee728b)  -> (artifact id: 'f48b1af7d1c142d8517754cd52f72352') in 0.002422 seconds 
  Import took 0.006822 seconds .

========================================================================
Received Prepare
Registering precompiled user dll's ...
Registered in 0.005015 seconds.
Begin MonoManager ReloadAssembly
Native extension for WindowsStandalone target not found
Refreshing native plugins compatible for Editor in 0.47 ms, found 3 plugins.
Preloading 0 native plugins for Editor in 0.00 ms.
Invalid AssetDatabase path: /Editor/EditorResources/cm_logo_sm.png. Use path relative to the project folder.
UnityEngine.StackTraceUtility:ExtractStackTrace ()
UnityEditor.AssetDatabase:LoadAssetAtPath<UnityEngine.Texture2D> (string)
Cinemachine.Editor.CinemachineSettings:get_CinemachineLogoTexture () (at Library/PackageCache/com.unity.cinemachine@2.6.11/Editor/Windows/CinemachineSettings.cs:205)
Cinemachine.Editor.CinemachineSettings:.cctor () (at Library/PackageCache/com.unity.cinemachine@2.6.11/Editor/Windows/CinemachineSettings.cs:237)
Cinemachine.CinemachineColliderPrefs:.cctor () (at Library/PackageCache/com.unity.cinemachine@2.6.11/Editor/Windows/CinemachineColliderPrefs.cs:61)
System.Runtime.CompilerServices.RuntimeHelpers:RunClassConstructor (System.RuntimeTypeHandle)
UnityEditor.EditorAssemblies:ProcessInitializeOnLoadAttributes (System.Type[])

[Library/PackageCache/com.unity.cinemachine@2.6.11/Editor/Windows/CinemachineSettings.cs line 205]

Mono: successfully reloaded assembly
- Completed reload, in  1.086 seconds
Platform modules already initialized, skipping
Refreshing native plugins compatible for Editor in 0.53 ms, found 3 plugins.
Preloading 0 native plugins for Editor in 0.00 ms.
Unloading 2221 Unused Serialized files (Serialized files now loaded: 0)
System memory in use before: 100.9 MB.
System memory in use after: 101.1 MB.

Unloading 17 unused Assets to reduce memory usage. Loaded Objects now: 2765.
Total: 2.386400 ms (FindLiveObjects: 0.268500 ms CreateObjectMapping: 0.086900 ms MarkObjects: 1.985100 ms  DeleteObjects: 0.044300 ms)

AssetImportParameters requested are different than current active one (requested -> active):
  custom:framework-win-MediaFoundation: 216162199b28c13a410421893ffa2e32 -> 
  custom:video-decoder-ogg-theora: a1e56fd34408186e4bbccfd4996cb3dc -> 
  custom:container-muxer-webm: aa71ff27fc2769a1b78a27578f13a17b -> 
  custom:container-demuxer-webm: 4f35f7cbe854078d1ac9338744f61a02 -> 
  custom:container-demuxer-ogg: 62fdf1f143b41e24485cea50d1cbac27 -> 
  custom:video-encoder-webm-vp8: eb34c28f22e8b96e1ab97ce403110664 -> 
  custom:video-decoder-webm-vp8: 9c59270c3fd7afecdb556c50c9e8de78 -> 
  custom:audio-decoder-ogg-vorbis: bf7c407c2cedff20999df2af8eb42d56 -> 
  custom:audio-encoder-webm-vorbis: bf7c407c2cedff20999df2af8eb42d56 -> 
AssetImportWorkerClient::OnTransportError - code=2 error=End of file
