Using pre-set license
Built from '2020.3/release' branch; Version is '2020.3.12f1 (b3b2c6512326) revision 11776710'; Using compiler version '192528614'; Build Type 'Release'
OS: 'Windows 10 Pro; OS build 19044.1526; Version 2009; 64bit' Language: 'es' Physical Memory: 16321 MB
BatchMode: 1, IsHumanControllingUs: 0, StartBugReporterOnCrash: 0, Is64bit: 1, IsPro: 0

 COMMAND LINE ARGUMENTS:
C:\Program Files\Unity\Hub\Editor\2020.3.12f1\Editor\Unity.exe
-adb2
-batchMode
-noUpm
-name
AssetImportWorker0
-projectPath
C:/Users/Alumnado 3D/Desktop/RAY/Prueba/Ejercicio_Space/Space_Invaders
-logFile
Logs/AssetImportWorker0.log
-srvPort
52635
Successfully changed project path to: C:/Users/Alumnado 3D/Desktop/RAY/Prueba/Ejercicio_Space/Space_Invaders
C:/Users/Alumnado 3D/Desktop/RAY/Prueba/Ejercicio_Space/Space_Invaders
Using Asset Import Pipeline V2.
Refreshing native plugins compatible for Editor in 60.56 ms, found 2 plugins.
Preloading 0 native plugins for Editor in 0.00 ms.
Initialize engine version: 2020.3.12f1 (b3b2c6512326)
[Subsystems] Discovering subsystems at path C:/Program Files/Unity/Hub/Editor/2020.3.12f1/Editor/Data/Resources/UnitySubsystems
[Subsystems] Discovering subsystems at path C:/Users/Alumnado 3D/Desktop/RAY/Prueba/Ejercicio_Space/Space_Invaders/Assets
GfxDevice: creating device client; threaded=0
Direct3D:
    Version:  Direct3D 11.0 [level 11.0]
    Renderer: NVIDIA GeForce GT 730 (ID=0x1287)
    Vendor:   
    VRAM:     4052 MB
    Driver:   27.21.14.5671
Initialize mono
Mono path[0] = 'C:/Program Files/Unity/Hub/Editor/2020.3.12f1/Editor/Data/Managed'
Mono path[1] = 'C:/Program Files/Unity/Hub/Editor/2020.3.12f1/Editor/Data/MonoBleedingEdge/lib/mono/unityjit'
Mono config path = 'C:/Program Files/Unity/Hub/Editor/2020.3.12f1/Editor/Data/MonoBleedingEdge/etc'
Using monoOptions --debugger-agent=transport=dt_socket,embedding=1,server=y,suspend=n,address=127.0.0.1:56824
Begin MonoManager ReloadAssembly
Registering precompiled unity dll's ...
Register platform support module: C:/Program Files/Unity/Hub/Editor/2020.3.12f1/Editor/Data/PlaybackEngines/WebGLSupport/UnityEditor.WebGL.Extensions.dll
Register platform support module: C:/Program Files/Unity/Hub/Editor/2020.3.12f1/Editor/Data/PlaybackEngines/WindowsStandaloneSupport/UnityEditor.WindowsStandalone.Extensions.dll
Registered in 0.003025 seconds.
Native extension for WindowsStandalone target not found
Native extension for WebGL target not found
Refreshing native plugins compatible for Editor in 49.44 ms, found 2 plugins.
Preloading 0 native plugins for Editor in 0.00 ms.
Mono: successfully reloaded assembly
- Completed reload, in  2.309 seconds
Platform modules already initialized, skipping
Registering precompiled user dll's ...
Registered in 0.006535 seconds.
Begin MonoManager ReloadAssembly
Native extension for WindowsStandalone target not found
Native extension for WebGL target not found
Refreshing native plugins compatible for Editor in 0.47 ms, found 2 plugins.
Preloading 0 native plugins for Editor in 0.00 ms.
Mono: successfully reloaded assembly
- Completed reload, in  1.281 seconds
Platform modules already initialized, skipping
========================================================================
Worker process is ready to serve import requests
Launched and connected shader compiler UnityShaderCompiler.exe after 0.04 seconds
Refreshing native plugins compatible for Editor in 0.49 ms, found 2 plugins.
Preloading 0 native plugins for Editor in 0.00 ms.
Unloading 2405 Unused Serialized files (Serialized files now loaded: 0)
System memory in use before: 97.9 MB.
System memory in use after: 98.1 MB.

Unloading 25 unused Assets to reduce memory usage. Loaded Objects now: 2834.
Total: 3.153600 ms (FindLiveObjects: 0.220700 ms CreateObjectMapping: 0.123400 ms MarkObjects: 2.689900 ms  DeleteObjects: 0.118600 ms)

AssetImportParameters requested are different than current active one (requested -> active):
  custom:framework-win-MediaFoundation: 216162199b28c13a410421893ffa2e32 -> 
  custom:video-decoder-ogg-theora: a1e56fd34408186e4bbccfd4996cb3dc -> 
  custom:container-muxer-webm: aa71ff27fc2769a1b78a27578f13a17b -> 
  custom:container-demuxer-webm: 4f35f7cbe854078d1ac9338744f61a02 -> 
  custom:container-demuxer-ogg: 62fdf1f143b41e24485cea50d1cbac27 -> 
  custom:video-encoder-webm-vp8: eb34c28f22e8b96e1ab97ce403110664 -> 
  custom:video-decoder-webm-vp8: 9c59270c3fd7afecdb556c50c9e8de78 -> 
  custom:audio-decoder-ogg-vorbis: bf7c407c2cedff20999df2af8eb42d56 -> 
  custom:audio-encoder-webm-vorbis: bf7c407c2cedff20999df2af8eb42d56 -> 
========================================================================
Received Import Request.
  path: Assets/Scripts/NewBehaviourScript.cs
  artifactKey: Guid(1ae1af83b95b43746abb1646e3c826ff) Importer(815301076,1909f56bfc062723c751e8b465ee728b)
Start importing Assets/Scripts/NewBehaviourScript.cs using Guid(1ae1af83b95b43746abb1646e3c826ff) Importer(815301076,1909f56bfc062723c751e8b465ee728b)  -> (artifact id: 'c940c77ec56dc2130be7048177f2854a') in 0.053706 seconds 
  Import took 0.057295 seconds .

========================================================================
Received Prepare
Registering precompiled user dll's ...
Registered in 0.005757 seconds.
Begin MonoManager ReloadAssembly
Native extension for WindowsStandalone target not found
Native extension for WebGL target not found
Refreshing native plugins compatible for Editor in 0.46 ms, found 2 plugins.
Preloading 0 native plugins for Editor in 0.00 ms.
Mono: successfully reloaded assembly
- Completed reload, in  1.159 seconds
Platform modules already initialized, skipping
Refreshing native plugins compatible for Editor in 0.48 ms, found 2 plugins.
Preloading 0 native plugins for Editor in 0.00 ms.
Unloading 2355 Unused Serialized files (Serialized files now loaded: 0)
System memory in use before: 95.8 MB.
System memory in use after: 96.0 MB.

Unloading 16 unused Assets to reduce memory usage. Loaded Objects now: 2835.
Total: 2.741200 ms (FindLiveObjects: 0.228600 ms CreateObjectMapping: 0.119900 ms MarkObjects: 2.349100 ms  DeleteObjects: 0.042500 ms)

AssetImportParameters requested are different than current active one (requested -> active):
  custom:framework-win-MediaFoundation: 216162199b28c13a410421893ffa2e32 -> 
  custom:video-decoder-ogg-theora: a1e56fd34408186e4bbccfd4996cb3dc -> 
  custom:container-muxer-webm: aa71ff27fc2769a1b78a27578f13a17b -> 
  custom:container-demuxer-webm: 4f35f7cbe854078d1ac9338744f61a02 -> 
  custom:container-demuxer-ogg: 62fdf1f143b41e24485cea50d1cbac27 -> 
  custom:video-encoder-webm-vp8: eb34c28f22e8b96e1ab97ce403110664 -> 
  custom:video-decoder-webm-vp8: 9c59270c3fd7afecdb556c50c9e8de78 -> 
  custom:audio-decoder-ogg-vorbis: bf7c407c2cedff20999df2af8eb42d56 -> 
  custom:audio-encoder-webm-vorbis: bf7c407c2cedff20999df2af8eb42d56 -> 
========================================================================
Received Import Request.
  Time since last request: 142.299552 seconds.
  path: Assets/Scripts/EnemyShips.cs
  artifactKey: Guid(16fdbe6865bea2e4f90f997ee8c2650c) Importer(815301076,1909f56bfc062723c751e8b465ee728b)
Start importing Assets/Scripts/EnemyShips.cs using Guid(16fdbe6865bea2e4f90f997ee8c2650c) Importer(815301076,1909f56bfc062723c751e8b465ee728b)  -> (artifact id: '63e674c7b4b64c75917277fc2f9ca41f') in 0.013423 seconds 
  Import took 0.021705 seconds .

========================================================================
Received Import Request.
  Time since last request: 0.000481 seconds.
  path: Assets/Scripts/EnemyShips.cs
  artifactKey: Guid(16fdbe6865bea2e4f90f997ee8c2650c) Importer(815301076,1909f56bfc062723c751e8b465ee728b)
Start importing Assets/Scripts/EnemyShips.cs using Guid(16fdbe6865bea2e4f90f997ee8c2650c) Importer(815301076,1909f56bfc062723c751e8b465ee728b)  -> (artifact id: '63e674c7b4b64c75917277fc2f9ca41f') in 0.004457 seconds 
  Import took 0.011208 seconds .

========================================================================
Received Prepare
Registering precompiled user dll's ...
Registered in 0.005375 seconds.
Begin MonoManager ReloadAssembly
Native extension for WindowsStandalone target not found
Native extension for WebGL target not found
Refreshing native plugins compatible for Editor in 0.47 ms, found 2 plugins.
Preloading 0 native plugins for Editor in 0.00 ms.
Mono: successfully reloaded assembly
- Completed reload, in  1.275 seconds
Platform modules already initialized, skipping
Refreshing native plugins compatible for Editor in 0.49 ms, found 2 plugins.
Preloading 0 native plugins for Editor in 0.00 ms.
Unloading 2356 Unused Serialized files (Serialized files now loaded: 0)
System memory in use before: 95.9 MB.
System memory in use after: 96.1 MB.

Unloading 15 unused Assets to reduce memory usage. Loaded Objects now: 2838.
Total: 2.739500 ms (FindLiveObjects: 0.206500 ms CreateObjectMapping: 0.116300 ms MarkObjects: 2.359700 ms  DeleteObjects: 0.056200 ms)

AssetImportParameters requested are different than current active one (requested -> active):
  custom:framework-win-MediaFoundation: 216162199b28c13a410421893ffa2e32 -> 
  custom:video-decoder-ogg-theora: a1e56fd34408186e4bbccfd4996cb3dc -> 
  custom:container-muxer-webm: aa71ff27fc2769a1b78a27578f13a17b -> 
  custom:container-demuxer-webm: 4f35f7cbe854078d1ac9338744f61a02 -> 
  custom:container-demuxer-ogg: 62fdf1f143b41e24485cea50d1cbac27 -> 
  custom:video-encoder-webm-vp8: eb34c28f22e8b96e1ab97ce403110664 -> 
  custom:video-decoder-webm-vp8: 9c59270c3fd7afecdb556c50c9e8de78 -> 
  custom:audio-decoder-ogg-vorbis: bf7c407c2cedff20999df2af8eb42d56 -> 
  custom:audio-encoder-webm-vorbis: bf7c407c2cedff20999df2af8eb42d56 -> 
========================================================================
Received Import Request.
  Time since last request: 886.539060 seconds.
  path: Assets/Scenes/EscenaJuego.unity
  artifactKey: Guid(77071e5bde2a0ba4aa07b51fe95a4bea) Importer(815301076,1909f56bfc062723c751e8b465ee728b)
Start importing Assets/Scenes/EscenaJuego.unity using Guid(77071e5bde2a0ba4aa07b51fe95a4bea) Importer(815301076,1909f56bfc062723c751e8b465ee728b)  -> (artifact id: 'e40d70aad5011f0809b84f9457ca1423') in 0.027584 seconds 
  Import took 0.032530 seconds .

========================================================================
Received Import Request.
  Time since last request: 0.079107 seconds.
  path: Assets/Scenes/EscenaJuego.unity
  artifactKey: Guid(77071e5bde2a0ba4aa07b51fe95a4bea) Importer(815301076,1909f56bfc062723c751e8b465ee728b)
Start importing Assets/Scenes/EscenaJuego.unity using Guid(77071e5bde2a0ba4aa07b51fe95a4bea) Importer(815301076,1909f56bfc062723c751e8b465ee728b)  -> (artifact id: 'e40d70aad5011f0809b84f9457ca1423') in 0.005872 seconds 
  Import took 0.010058 seconds .

========================================================================
Received Prepare
Registering precompiled user dll's ...
Registered in 0.005925 seconds.
Begin MonoManager ReloadAssembly
Native extension for WindowsStandalone target not found
Native extension for WebGL target not found
Refreshing native plugins compatible for Editor in 0.49 ms, found 2 plugins.
Preloading 0 native plugins for Editor in 0.00 ms.
Mono: successfully reloaded assembly
- Completed reload, in  1.238 seconds
Platform modules already initialized, skipping
Refreshing native plugins compatible for Editor in 0.49 ms, found 2 plugins.
Preloading 0 native plugins for Editor in 0.00 ms.
Unloading 2356 Unused Serialized files (Serialized files now loaded: 0)
System memory in use before: 95.9 MB.
System memory in use after: 96.1 MB.

Unloading 15 unused Assets to reduce memory usage. Loaded Objects now: 2840.
Total: 2.767100 ms (FindLiveObjects: 0.229900 ms CreateObjectMapping: 0.136600 ms MarkObjects: 2.366800 ms  DeleteObjects: 0.032700 ms)

AssetImportParameters requested are different than current active one (requested -> active):
  custom:framework-win-MediaFoundation: 216162199b28c13a410421893ffa2e32 -> 
  custom:video-decoder-ogg-theora: a1e56fd34408186e4bbccfd4996cb3dc -> 
  custom:container-muxer-webm: aa71ff27fc2769a1b78a27578f13a17b -> 
  custom:container-demuxer-webm: 4f35f7cbe854078d1ac9338744f61a02 -> 
  custom:container-demuxer-ogg: 62fdf1f143b41e24485cea50d1cbac27 -> 
  custom:video-encoder-webm-vp8: eb34c28f22e8b96e1ab97ce403110664 -> 
  custom:video-decoder-webm-vp8: 9c59270c3fd7afecdb556c50c9e8de78 -> 
  custom:audio-decoder-ogg-vorbis: bf7c407c2cedff20999df2af8eb42d56 -> 
  custom:audio-encoder-webm-vorbis: bf7c407c2cedff20999df2af8eb42d56 -> 
========================================================================
Received Prepare
Registering precompiled user dll's ...
Registered in 0.005466 seconds.
Begin MonoManager ReloadAssembly
Native extension for WindowsStandalone target not found
Native extension for WebGL target not found
Refreshing native plugins compatible for Editor in 0.52 ms, found 2 plugins.
Preloading 0 native plugins for Editor in 0.00 ms.
Mono: successfully reloaded assembly
- Completed reload, in  1.369 seconds
Platform modules already initialized, skipping
Refreshing native plugins compatible for Editor in 0.51 ms, found 2 plugins.
Preloading 0 native plugins for Editor in 0.00 ms.
Unloading 2356 Unused Serialized files (Serialized files now loaded: 0)
System memory in use before: 95.9 MB.
System memory in use after: 96.1 MB.

Unloading 15 unused Assets to reduce memory usage. Loaded Objects now: 2842.
Total: 2.933100 ms (FindLiveObjects: 0.235000 ms CreateObjectMapping: 0.137600 ms MarkObjects: 2.518300 ms  DeleteObjects: 0.040800 ms)

AssetImportParameters requested are different than current active one (requested -> active):
  custom:framework-win-MediaFoundation: 216162199b28c13a410421893ffa2e32 -> 
  custom:video-decoder-ogg-theora: a1e56fd34408186e4bbccfd4996cb3dc -> 
  custom:container-muxer-webm: aa71ff27fc2769a1b78a27578f13a17b -> 
  custom:container-demuxer-webm: 4f35f7cbe854078d1ac9338744f61a02 -> 
  custom:container-demuxer-ogg: 62fdf1f143b41e24485cea50d1cbac27 -> 
  custom:video-encoder-webm-vp8: eb34c28f22e8b96e1ab97ce403110664 -> 
  custom:video-decoder-webm-vp8: 9c59270c3fd7afecdb556c50c9e8de78 -> 
  custom:audio-decoder-ogg-vorbis: bf7c407c2cedff20999df2af8eb42d56 -> 
  custom:audio-encoder-webm-vorbis: bf7c407c2cedff20999df2af8eb42d56 -> 
========================================================================
Received Import Request.
  Time since last request: 1699.681871 seconds.
  path: Assets/Scripts/SpaceShipScreen.cs
  artifactKey: Guid(0236f01446f3af349825ba88fa88c3f2) Importer(815301076,1909f56bfc062723c751e8b465ee728b)
Start importing Assets/Scripts/SpaceShipScreen.cs using Guid(0236f01446f3af349825ba88fa88c3f2) Importer(815301076,1909f56bfc062723c751e8b465ee728b)  -> (artifact id: '6048efc29f252b6820624bdce0eda868') in 0.013801 seconds 
  Import took 0.018492 seconds .

========================================================================
Received Import Request.
  Time since last request: 0.022955 seconds.
  path: Assets/Scripts/SpaceShipScreen.cs
  artifactKey: Guid(0236f01446f3af349825ba88fa88c3f2) Importer(815301076,1909f56bfc062723c751e8b465ee728b)
Start importing Assets/Scripts/SpaceShipScreen.cs using Guid(0236f01446f3af349825ba88fa88c3f2) Importer(815301076,1909f56bfc062723c751e8b465ee728b)  -> (artifact id: '6048efc29f252b6820624bdce0eda868') in 0.007484 seconds 
  Import took 0.011161 seconds .

========================================================================
Received Import Request.
  Time since last request: 118.633401 seconds.
  path: Assets/Scenes/Scene1.unity
  artifactKey: Guid(b770e0d550ca9074e81f34f0d731a7d2) Importer(815301076,1909f56bfc062723c751e8b465ee728b)
Start importing Assets/Scenes/Scene1.unity using Guid(b770e0d550ca9074e81f34f0d731a7d2) Importer(815301076,1909f56bfc062723c751e8b465ee728b)  -> (artifact id: 'dff630b38fbc9cc89ca1b94b3e485570') in 0.021880 seconds 
  Import took 0.026224 seconds .

========================================================================
Received Import Request.
  Time since last request: 65.795575 seconds.
  path: Assets/Scenes/EscenaJuego.unity
  artifactKey: Guid(77071e5bde2a0ba4aa07b51fe95a4bea) Importer(815301076,1909f56bfc062723c751e8b465ee728b)
Start importing Assets/Scenes/EscenaJuego.unity using Guid(77071e5bde2a0ba4aa07b51fe95a4bea) Importer(815301076,1909f56bfc062723c751e8b465ee728b)  -> (artifact id: 'b4a96394c5f1ff821159e223a65bd288') in 0.006623 seconds 
  Import took 0.011605 seconds .

========================================================================
Received Import Request.
  Time since last request: 0.001064 seconds.
  path: Assets/Scenes/EscenaJuego.unity
  artifactKey: Guid(77071e5bde2a0ba4aa07b51fe95a4bea) Importer(815301076,1909f56bfc062723c751e8b465ee728b)
Start importing Assets/Scenes/EscenaJuego.unity using Guid(77071e5bde2a0ba4aa07b51fe95a4bea) Importer(815301076,1909f56bfc062723c751e8b465ee728b)  -> (artifact id: 'b4a96394c5f1ff821159e223a65bd288') in 0.004705 seconds 
  Import took 0.009329 seconds .

========================================================================
Received Prepare
Registering precompiled user dll's ...
Registered in 0.006474 seconds.
Begin MonoManager ReloadAssembly
Native extension for WindowsStandalone target not found
Native extension for WebGL target not found
Refreshing native plugins compatible for Editor in 0.53 ms, found 2 plugins.
Preloading 0 native plugins for Editor in 0.00 ms.
Mono: successfully reloaded assembly
- Completed reload, in  1.269 seconds
Platform modules already initialized, skipping
Refreshing native plugins compatible for Editor in 0.79 ms, found 2 plugins.
Preloading 0 native plugins for Editor in 0.00 ms.
Unloading 2356 Unused Serialized files (Serialized files now loaded: 0)
System memory in use before: 95.8 MB.
System memory in use after: 96.1 MB.

Unloading 15 unused Assets to reduce memory usage. Loaded Objects now: 2844.
Total: 4.036600 ms (FindLiveObjects: 0.246600 ms CreateObjectMapping: 0.150400 ms MarkObjects: 3.618500 ms  DeleteObjects: 0.019500 ms)

AssetImportParameters requested are different than current active one (requested -> active):
  custom:framework-win-MediaFoundation: 216162199b28c13a410421893ffa2e32 -> 
  custom:video-decoder-ogg-theora: a1e56fd34408186e4bbccfd4996cb3dc -> 
  custom:container-muxer-webm: aa71ff27fc2769a1b78a27578f13a17b -> 
  custom:container-demuxer-webm: 4f35f7cbe854078d1ac9338744f61a02 -> 
  custom:container-demuxer-ogg: 62fdf1f143b41e24485cea50d1cbac27 -> 
  custom:video-encoder-webm-vp8: eb34c28f22e8b96e1ab97ce403110664 -> 
  custom:video-decoder-webm-vp8: 9c59270c3fd7afecdb556c50c9e8de78 -> 
  custom:audio-decoder-ogg-vorbis: bf7c407c2cedff20999df2af8eb42d56 -> 
  custom:audio-encoder-webm-vorbis: bf7c407c2cedff20999df2af8eb42d56 -> 
========================================================================
Received Import Request.
  Time since last request: 1368.367250 seconds.
  path: Assets/Scripts/Projectil.cs
  artifactKey: Guid(fc2d8e72cc57b6140866d0542931fd80) Importer(815301076,1909f56bfc062723c751e8b465ee728b)
Start importing Assets/Scripts/Projectil.cs using Guid(fc2d8e72cc57b6140866d0542931fd80) Importer(815301076,1909f56bfc062723c751e8b465ee728b)  -> (artifact id: 'f323f2cc7f4c9d95ff1d11bb2f771f8e') in 0.027396 seconds 
  Import took 0.032563 seconds .

========================================================================
Received Prepare
Registering precompiled user dll's ...
Registered in 0.006343 seconds.
Begin MonoManager ReloadAssembly
Native extension for WindowsStandalone target not found
Native extension for WebGL target not found
Refreshing native plugins compatible for Editor in 0.52 ms, found 2 plugins.
Preloading 0 native plugins for Editor in 0.00 ms.
Mono: successfully reloaded assembly
- Completed reload, in  1.286 seconds
Platform modules already initialized, skipping
Refreshing native plugins compatible for Editor in 0.50 ms, found 2 plugins.
Preloading 0 native plugins for Editor in 0.00 ms.
Unloading 2357 Unused Serialized files (Serialized files now loaded: 0)
System memory in use before: 96.0 MB.
System memory in use after: 96.2 MB.

Unloading 15 unused Assets to reduce memory usage. Loaded Objects now: 2847.
Total: 2.535900 ms (FindLiveObjects: 0.236100 ms CreateObjectMapping: 0.151600 ms MarkObjects: 2.124600 ms  DeleteObjects: 0.022200 ms)

AssetImportParameters requested are different than current active one (requested -> active):
  custom:framework-win-MediaFoundation: 216162199b28c13a410421893ffa2e32 -> 
  custom:video-decoder-ogg-theora: a1e56fd34408186e4bbccfd4996cb3dc -> 
  custom:container-muxer-webm: aa71ff27fc2769a1b78a27578f13a17b -> 
  custom:container-demuxer-webm: 4f35f7cbe854078d1ac9338744f61a02 -> 
  custom:container-demuxer-ogg: 62fdf1f143b41e24485cea50d1cbac27 -> 
  custom:video-encoder-webm-vp8: eb34c28f22e8b96e1ab97ce403110664 -> 
  custom:video-decoder-webm-vp8: 9c59270c3fd7afecdb556c50c9e8de78 -> 
  custom:audio-decoder-ogg-vorbis: bf7c407c2cedff20999df2af8eb42d56 -> 
  custom:audio-encoder-webm-vorbis: bf7c407c2cedff20999df2af8eb42d56 -> 
========================================================================
Received Prepare
Registering precompiled user dll's ...
Registered in 0.007752 seconds.
Begin MonoManager ReloadAssembly
Native extension for WindowsStandalone target not found
Native extension for WebGL target not found
Refreshing native plugins compatible for Editor in 0.49 ms, found 2 plugins.
Preloading 0 native plugins for Editor in 0.00 ms.
Mono: successfully reloaded assembly
- Completed reload, in  1.294 seconds
Platform modules already initialized, skipping
Refreshing native plugins compatible for Editor in 0.49 ms, found 2 plugins.
Preloading 0 native plugins for Editor in 0.00 ms.
Unloading 2357 Unused Serialized files (Serialized files now loaded: 0)
System memory in use before: 96.0 MB.
System memory in use after: 96.2 MB.

Unloading 15 unused Assets to reduce memory usage. Loaded Objects now: 2849.
Total: 2.842000 ms (FindLiveObjects: 0.250800 ms CreateObjectMapping: 0.128400 ms MarkObjects: 2.427400 ms  DeleteObjects: 0.034300 ms)

AssetImportParameters requested are different than current active one (requested -> active):
  custom:framework-win-MediaFoundation: 216162199b28c13a410421893ffa2e32 -> 
  custom:video-decoder-ogg-theora: a1e56fd34408186e4bbccfd4996cb3dc -> 
  custom:container-muxer-webm: aa71ff27fc2769a1b78a27578f13a17b -> 
  custom:container-demuxer-webm: 4f35f7cbe854078d1ac9338744f61a02 -> 
  custom:container-demuxer-ogg: 62fdf1f143b41e24485cea50d1cbac27 -> 
  custom:video-encoder-webm-vp8: eb34c28f22e8b96e1ab97ce403110664 -> 
  custom:video-decoder-webm-vp8: 9c59270c3fd7afecdb556c50c9e8de78 -> 
  custom:audio-decoder-ogg-vorbis: bf7c407c2cedff20999df2af8eb42d56 -> 
  custom:audio-encoder-webm-vorbis: bf7c407c2cedff20999df2af8eb42d56 -> 
========================================================================
Received Import Request.
  Time since last request: 727.602888 seconds.
  path: Assets/Scripts/PlayerLoader.cs
  artifactKey: Guid(b2d340aad2ffe4b44bbd9c594db17b44) Importer(815301076,1909f56bfc062723c751e8b465ee728b)
Start importing Assets/Scripts/PlayerLoader.cs using Guid(b2d340aad2ffe4b44bbd9c594db17b44) Importer(815301076,1909f56bfc062723c751e8b465ee728b)  -> (artifact id: 'e092cf106b51d6adf66e6451d360185b') in 0.017138 seconds 
  Import took 0.021304 seconds .

========================================================================
Received Import Request.
  Time since last request: 0.268568 seconds.
  path: Assets/Scripts/Projectil.cs
  artifactKey: Guid(fc2d8e72cc57b6140866d0542931fd80) Importer(815301076,1909f56bfc062723c751e8b465ee728b)
Start importing Assets/Scripts/Projectil.cs using Guid(fc2d8e72cc57b6140866d0542931fd80) Importer(815301076,1909f56bfc062723c751e8b465ee728b)  -> (artifact id: 'fea60b695e383ab294962869ddae8c3e') in 0.010251 seconds 
  Import took 0.015467 seconds .

========================================================================
Received Import Request.
  Time since last request: 2.646854 seconds.
  path: Assets/Scripts/Spaceshipdata.cs
  artifactKey: Guid(081a7fee2075fb941a92f0ef80a87148) Importer(815301076,1909f56bfc062723c751e8b465ee728b)
Start importing Assets/Scripts/Spaceshipdata.cs using Guid(081a7fee2075fb941a92f0ef80a87148) Importer(815301076,1909f56bfc062723c751e8b465ee728b)  -> (artifact id: 'cd1209435a560c502e0dc840444d60e2') in 0.014350 seconds 
  Import took 0.018511 seconds .

========================================================================
Received Import Request.
  Time since last request: 9.060153 seconds.
  path: Assets/Scripts/EnemyShips.cs
  artifactKey: Guid(16fdbe6865bea2e4f90f997ee8c2650c) Importer(815301076,1909f56bfc062723c751e8b465ee728b)
Start importing Assets/Scripts/EnemyShips.cs using Guid(16fdbe6865bea2e4f90f997ee8c2650c) Importer(815301076,1909f56bfc062723c751e8b465ee728b)  -> (artifact id: '0a70d4d8f0819087f7ebb840c6074f22') in 0.012140 seconds 
  Import took 0.018523 seconds .

========================================================================
Received Import Request.
  Time since last request: 0.561637 seconds.
  path: Assets/Scripts/GameDataPersistent.cs
  artifactKey: Guid(833f459111b3dfa43bf2a008c4fb4567) Importer(815301076,1909f56bfc062723c751e8b465ee728b)
Start importing Assets/Scripts/GameDataPersistent.cs using Guid(833f459111b3dfa43bf2a008c4fb4567) Importer(815301076,1909f56bfc062723c751e8b465ee728b)  -> (artifact id: '81d98358ff205c70228e6046e3189f40') in 0.016191 seconds 
  Import took 0.020836 seconds .

========================================================================
Received Import Request.
  Time since last request: 0.835237 seconds.
  path: Assets/Scripts/pasar_temporizador.cs
  artifactKey: Guid(ce416fbd03a8d114a938aa0253f63e67) Importer(815301076,1909f56bfc062723c751e8b465ee728b)
Start importing Assets/Scripts/pasar_temporizador.cs using Guid(ce416fbd03a8d114a938aa0253f63e67) Importer(815301076,1909f56bfc062723c751e8b465ee728b)  -> (artifact id: 'e1a48507eda5b2e2a67f3f4b0739e543') in 0.013888 seconds 
  Import took 0.017970 seconds .

========================================================================
Received Import Request.
  Time since last request: 2.808402 seconds.
  path: Assets/Scripts/SetVolume.cs
  artifactKey: Guid(f83f4fdbe210cda45b18faeee09ca974) Importer(815301076,1909f56bfc062723c751e8b465ee728b)
Start importing Assets/Scripts/SetVolume.cs using Guid(f83f4fdbe210cda45b18faeee09ca974) Importer(815301076,1909f56bfc062723c751e8b465ee728b)  -> (artifact id: '5009ec9b880fbf0d321254a8bd5d68cf') in 0.016942 seconds 
  Import took 0.021102 seconds .

========================================================================
Received Import Request.
  Time since last request: 1.808091 seconds.
  path: Assets/Scripts/ChaneLanguage.cs
  artifactKey: Guid(c9bd65d92efabaf4ea1cc4849f3fdbff) Importer(815301076,1909f56bfc062723c751e8b465ee728b)
Start importing Assets/Scripts/ChaneLanguage.cs using Guid(c9bd65d92efabaf4ea1cc4849f3fdbff) Importer(815301076,1909f56bfc062723c751e8b465ee728b)  -> (artifact id: 'cf613d1d3dfb684a07c333f1adaac58a') in 0.012283 seconds 
  Import took 0.016727 seconds .

========================================================================
Received Import Request.
  Time since last request: 0.278798 seconds.
  path: Assets/Scripts/ChangeSceneWithButton.cs
  artifactKey: Guid(66a3a00a031c76443861f2ae7d9da4fe) Importer(815301076,1909f56bfc062723c751e8b465ee728b)
Start importing Assets/Scripts/ChangeSceneWithButton.cs using Guid(66a3a00a031c76443861f2ae7d9da4fe) Importer(815301076,1909f56bfc062723c751e8b465ee728b)  -> (artifact id: 'c648c3a95daa0cc8a8a05806c8801f33') in 0.012719 seconds 
  Import took 0.016819 seconds .

========================================================================
Received Import Request.
  Time since last request: 0.002532 seconds.
  path: Assets/Scripts/ChangeSceneWithButton.cs
  artifactKey: Guid(66a3a00a031c76443861f2ae7d9da4fe) Importer(815301076,1909f56bfc062723c751e8b465ee728b)
Start importing Assets/Scripts/ChangeSceneWithButton.cs using Guid(66a3a00a031c76443861f2ae7d9da4fe) Importer(815301076,1909f56bfc062723c751e8b465ee728b)  -> (artifact id: 'c648c3a95daa0cc8a8a05806c8801f33') in 0.006230 seconds 
  Import took 0.011324 seconds .

========================================================================
Received Import Request.
  Time since last request: 0.476744 seconds.
  path: Assets/Scripts/EnableScreen.cs
  artifactKey: Guid(9c7ea10f3d040b9499d152791f334af4) Importer(815301076,1909f56bfc062723c751e8b465ee728b)
Start importing Assets/Scripts/EnableScreen.cs using Guid(9c7ea10f3d040b9499d152791f334af4) Importer(815301076,1909f56bfc062723c751e8b465ee728b)  -> (artifact id: '72b1b367867df12264d00d658009e200') in 0.012738 seconds 
  Import took 0.016849 seconds .

========================================================================
Received Import Request.
  Time since last request: 33.784765 seconds.
  path: Assets/Scripts/Botton_Sound.cs
  artifactKey: Guid(2db6470b822b6024fbc8623350ae7c25) Importer(815301076,1909f56bfc062723c751e8b465ee728b)
Start importing Assets/Scripts/Botton_Sound.cs using Guid(2db6470b822b6024fbc8623350ae7c25) Importer(815301076,1909f56bfc062723c751e8b465ee728b)  -> (artifact id: '4fe9f4bd14fa79094e70476b24054e24') in 0.011121 seconds 
  Import took 0.015487 seconds .

========================================================================
Received Import Request.
  Time since last request: 0.000950 seconds.
  path: Assets/Scripts/Botton_Sound.cs
  artifactKey: Guid(2db6470b822b6024fbc8623350ae7c25) Importer(815301076,1909f56bfc062723c751e8b465ee728b)
Start importing Assets/Scripts/Botton_Sound.cs using Guid(2db6470b822b6024fbc8623350ae7c25) Importer(815301076,1909f56bfc062723c751e8b465ee728b)  -> (artifact id: '4fe9f4bd14fa79094e70476b24054e24') in 0.004722 seconds 
  Import took 0.009079 seconds .

========================================================================
Received Import Request.
  Time since last request: 3.505993 seconds.
  path: Assets/Scripts/Botton_control.cs
  artifactKey: Guid(a8cc0a7a9c651b648bc47bdc135672d4) Importer(815301076,1909f56bfc062723c751e8b465ee728b)
Start importing Assets/Scripts/Botton_control.cs using Guid(a8cc0a7a9c651b648bc47bdc135672d4) Importer(815301076,1909f56bfc062723c751e8b465ee728b)  -> (artifact id: '8a0a20eb5bd5a3f8230303c328f747e5') in 0.009444 seconds 
  Import took 0.013482 seconds .

========================================================================
Received Import Request.
  Time since last request: 0.001275 seconds.
  path: Assets/Scripts/Botton_control.cs
  artifactKey: Guid(a8cc0a7a9c651b648bc47bdc135672d4) Importer(815301076,1909f56bfc062723c751e8b465ee728b)
Start importing Assets/Scripts/Botton_control.cs using Guid(a8cc0a7a9c651b648bc47bdc135672d4) Importer(815301076,1909f56bfc062723c751e8b465ee728b)  -> (artifact id: '8a0a20eb5bd5a3f8230303c328f747e5') in 0.004147 seconds 
  Import took 0.008231 seconds .

AssetImportWorkerClient::OnTransportError - code=2 error=End of file
